Using pre-set license
Built from '2020.3/staging' branch; Version is '2020.3.17f1 (a4537701e4ab) revision 10769271'; Using compiler version '192528614'; Build Type 'Release'
OS: 'Windows 10 Home; OS build 22000.978; Version 2009; 64bit' Language: 'ko' Physical Memory: 8101 MB
BatchMode: 1, IsHumanControllingUs: 0, StartBugReporterOnCrash: 0, Is64bit: 1, IsPro: 0

COMMAND LINE ARGUMENTS:
D:\unity\Editor\Unity.exe
-adb2
-batchMode
-noUpm
-name
AssetImportWorker0
-projectPath
D:/project/unity/2022 08 29
-logFile
Logs/AssetImportWorker0.log
-srvPort
57869
Successfully changed project path to: D:/project/unity/2022 08 29
D:/project/unity/2022 08 29
Using Asset Import Pipeline V2.
Refreshing native plugins compatible for Editor in 34.25 ms, found 2 plugins.
Preloading 0 native plugins for Editor in 0.00 ms.
Initialize engine version: 2020.3.17f1 (a4537701e4ab)
[Subsystems] Discovering subsystems at path D:/unity/Editor/Data/Resources/UnitySubsystems
[Subsystems] Discovering subsystems at path D:/project/unity/2022 08 29/Assets
GfxDevice: creating device client; threaded=0
Direct3D:
    Version:  Direct3D 11.0 [level 11.1]
    Renderer: NVIDIA GeForce GTX 1050 (ID=0x1c8d)
    Vendor:   
    VRAM:     4021 MB
    Driver:   30.0.14.9649
Initialize mono
Mono path[0] = 'D:/unity/Editor/Data/Managed'
Mono path[1] = 'D:/unity/Editor/Data/MonoBleedingEdge/lib/mono/unityjit'
Mono config path = 'D:/unity/Editor/Data/MonoBleedingEdge/etc'
Using monoOptions --debugger-agent=transport=dt_socket,embedding=1,server=y,suspend=n,address=127.0.0.1:56844
Begin MonoManager ReloadAssembly
Registering precompiled unity dll's ...
Register platform support module: D:/unity/Editor/Data/PlaybackEngines/WindowsStandaloneSupport/UnityEditor.WindowsStandalone.Extensions.dll
Registered in 0.001197 seconds.
Native extension for WindowsStandalone target not found
Refreshing native plugins compatible for Editor in 31.75 ms, found 2 plugins.
Preloading 0 native plugins for Editor in 0.00 ms.
Mono: successfully reloaded assembly
- Completed reload, in  3.309 seconds
Domain Reload Profiling:
	ReloadAssembly (3309ms)
		BeginReloadAssembly (89ms)
			ExecutionOrderSort (0ms)
			DisableScriptedObjects (0ms)
			BackupInstance (0ms)
			ReleaseScriptingObjects (0ms)
			CreateAndSetChildDomain (1ms)
		EndReloadAssembly (483ms)
			LoadAssemblies (89ms)
			RebuildTransferFunctionScriptingTraits (0ms)
			SetupTypeCache (188ms)
			ReleaseScriptCaches (0ms)
			RebuildScriptCaches (37ms)
			SetupLoadedEditorAssemblies (175ms)
				LogAssemblyErrors (0ms)
				InitializePlatformSupportModulesInManaged (4ms)
				SetLoadedEditorAssemblies (0ms)
				RefreshPlugins (32ms)
				BeforeProcessingInitializeOnLoad (19ms)
				ProcessInitializeOnLoadAttributes (88ms)
				ProcessInitializeOnLoadMethodAttributes (32ms)
				AfterProcessingInitializeOnLoad (0ms)
				EditorAssembliesLoaded (0ms)
			ExecutionOrderSort2 (0ms)
			AwakeInstancesAfterBackupRestoration (0ms)
Platform modules already initialized, skipping
Registering precompiled user dll's ...
Registered in 0.004642 seconds.
Begin MonoManager ReloadAssembly
Native extension for WindowsStandalone target not found
Refreshing native plugins compatible for Editor in 0.35 ms, found 2 plugins.
Preloading 0 native plugins for Editor in 0.00 ms.
Mono: successfully reloaded assembly
- Completed reload, in  1.251 seconds
Domain Reload Profiling:
	ReloadAssembly (1253ms)
		BeginReloadAssembly (193ms)
			ExecutionOrderSort (0ms)
			DisableScriptedObjects (5ms)
			BackupInstance (0ms)
			ReleaseScriptingObjects (0ms)
			CreateAndSetChildDomain (21ms)
		EndReloadAssembly (997ms)
			LoadAssemblies (130ms)
			RebuildTransferFunctionScriptingTraits (0ms)
			SetupTypeCache (316ms)
			ReleaseScriptCaches (0ms)
			RebuildScriptCaches (48ms)
			SetupLoadedEditorAssemblies (427ms)
				LogAssemblyErrors (0ms)
				InitializePlatformSupportModulesInManaged (6ms)
				SetLoadedEditorAssemblies (0ms)
				RefreshPlugins (0ms)
				BeforeProcessingInitializeOnLoad (82ms)
				ProcessInitializeOnLoadAttributes (332ms)
				ProcessInitializeOnLoadMethodAttributes (5ms)
				AfterProcessingInitializeOnLoad (2ms)
				EditorAssembliesLoaded (0ms)
			ExecutionOrderSort2 (0ms)
			AwakeInstancesAfterBackupRestoration (7ms)
Platform modules already initialized, skipping
========================================================================
Worker process is ready to serve import requests
Launched and connected shader compiler UnityShaderCompiler.exe after 0.08 seconds
Refreshing native plugins compatible for Editor in 0.32 ms, found 2 plugins.
Preloading 0 native plugins for Editor in 0.00 ms.
Unloading 1426 Unused Serialized files (Serialized files now loaded: 0)
System memory in use before: 79.3 MB.
System memory in use after: 79.4 MB.

Unloading 18 unused Assets to reduce memory usage. Loaded Objects now: 1876.
Total: 3.161300 ms (FindLiveObjects: 0.158500 ms CreateObjectMapping: 0.050500 ms MarkObjects: 2.837700 ms  DeleteObjects: 0.113100 ms)

AssetImportParameters requested are different than current active one (requested -> active):
  custom:framework-win-MediaFoundation: 216162199b28c13a410421893ffa2e32 -> 
  custom:video-decoder-ogg-theora: a1e56fd34408186e4bbccfd4996cb3dc -> 
  custom:container-muxer-webm: aa71ff27fc2769a1b78a27578f13a17b -> 
  custom:container-demuxer-webm: 4f35f7cbe854078d1ac9338744f61a02 -> 
  custom:container-demuxer-ogg: 62fdf1f143b41e24485cea50d1cbac27 -> 
  custom:video-encoder-webm-vp8: eb34c28f22e8b96e1ab97ce403110664 -> 
  custom:video-decoder-webm-vp8: 9c59270c3fd7afecdb556c50c9e8de78 -> 
  custom:audio-decoder-ogg-vorbis: bf7c407c2cedff20999df2af8eb42d56 -> 
  custom:audio-encoder-webm-vorbis: bf7c407c2cedff20999df2af8eb42d56 -> 
========================================================================
Received Import Request.
  path: Assets/script/Character/Player1/Player1_ai.cs
  artifactKey: Guid(90b8fc28271534f49a063e9af204fdf1) Importer(815301076,1909f56bfc062723c751e8b465ee728b)
Start importing Assets/script/Character/Player1/Player1_ai.cs using Guid(90b8fc28271534f49a063e9af204fdf1) Importer(815301076,1909f56bfc062723c751e8b465ee728b)  -> (artifact id: 'ae91cf0d5cf6b89a50e2b7740115ac64') in 0.107643 seconds 
  Import took 0.110295 seconds .

========================================================================
Received Import Request.
  Time since last request: 0.000450 seconds.
  path: Assets/script/Character/Player1/Player1_status.cs
  artifactKey: Guid(56a55799cae13d14ebf11a0c71f143bf) Importer(815301076,1909f56bfc062723c751e8b465ee728b)
Start importing Assets/script/Character/Player1/Player1_status.cs using Guid(56a55799cae13d14ebf11a0c71f143bf) Importer(815301076,1909f56bfc062723c751e8b465ee728b)  -> (artifact id: 'd1a45f3f9c6ed98144e2612f1d87b815') in 0.026079 seconds 
  Import took 0.028625 seconds .

========================================================================
Received Import Request.
  Time since last request: 11.696284 seconds.
  path: Assets/script/Character/range_attack_normal.cs
  artifactKey: Guid(be81adc8aaa53c14eb7be180c2c13e15) Importer(815301076,1909f56bfc062723c751e8b465ee728b)
Start importing Assets/script/Character/range_attack_normal.cs using Guid(be81adc8aaa53c14eb7be180c2c13e15) Importer(815301076,1909f56bfc062723c751e8b465ee728b)  -> (artifact id: '493eaa43bd861d5ed0e73f1599ee8b96') in 0.031809 seconds 
  Import took 0.034614 seconds .

========================================================================
Received Import Request.
  Time since last request: 0.756866 seconds.
  path: Assets/script/Character/Melee_attack_normal.cs
  artifactKey: Guid(9ec638af6a71cf8459be2d18727817d4) Importer(815301076,1909f56bfc062723c751e8b465ee728b)
Start importing Assets/script/Character/Melee_attack_normal.cs using Guid(9ec638af6a71cf8459be2d18727817d4) Importer(815301076,1909f56bfc062723c751e8b465ee728b)  -> (artifact id: 'bfc333c815655a84b3d21484edd6f4c9') in 0.006423 seconds 
  Import took 0.010376 seconds .

========================================================================
Received Import Request.
  Time since last request: 0.001278 seconds.
  path: Assets/script/Character/Melee_attack_normal.cs
  artifactKey: Guid(9ec638af6a71cf8459be2d18727817d4) Importer(815301076,1909f56bfc062723c751e8b465ee728b)
Start importing Assets/script/Character/Melee_attack_normal.cs using Guid(9ec638af6a71cf8459be2d18727817d4) Importer(815301076,1909f56bfc062723c751e8b465ee728b)  -> (artifact id: 'bfc333c815655a84b3d21484edd6f4c9') in 0.002812 seconds 
  Import took 0.007237 seconds .

========================================================================
Received Import Request.
  Time since last request: 1.263119 seconds.
  path: Assets/script/Character/Character_Animation.cs
  artifactKey: Guid(d6ace01404824c04aa14d90c6519c6d3) Importer(815301076,1909f56bfc062723c751e8b465ee728b)
Start importing Assets/script/Character/Character_Animation.cs using Guid(d6ace01404824c04aa14d90c6519c6d3) Importer(815301076,1909f56bfc062723c751e8b465ee728b)  -> (artifact id: '1ad6b52623385a191d504638e1aee758') in 0.005952 seconds 
  Import took 0.009364 seconds .

========================================================================
Received Import Request.
  Time since last request: 0.066698 seconds.
  path: Assets/script/Character/Character_Animation.cs
  artifactKey: Guid(d6ace01404824c04aa14d90c6519c6d3) Importer(815301076,1909f56bfc062723c751e8b465ee728b)
Start importing Assets/script/Character/Character_Animation.cs using Guid(d6ace01404824c04aa14d90c6519c6d3) Importer(815301076,1909f56bfc062723c751e8b465ee728b)  -> (artifact id: '1ad6b52623385a191d504638e1aee758') in 0.002329 seconds 
  Import took 0.005554 seconds .

========================================================================
Received Prepare
Registering precompiled user dll's ...
Registered in 0.006399 seconds.
Begin MonoManager ReloadAssembly
Native extension for WindowsStandalone target not found
Refreshing native plugins compatible for Editor in 0.31 ms, found 2 plugins.
Preloading 0 native plugins for Editor in 0.00 ms.
Mono: successfully reloaded assembly
- Completed reload, in  1.302 seconds
Domain Reload Profiling:
	ReloadAssembly (1302ms)
		BeginReloadAssembly (163ms)
			ExecutionOrderSort (0ms)
			DisableScriptedObjects (5ms)
			BackupInstance (0ms)
			ReleaseScriptingObjects (0ms)
			CreateAndSetChildDomain (40ms)
		EndReloadAssembly (1071ms)
			LoadAssemblies (135ms)
			RebuildTransferFunctionScriptingTraits (0ms)
			SetupTypeCache (401ms)
			ReleaseScriptCaches (1ms)
			RebuildScriptCaches (46ms)
			SetupLoadedEditorAssemblies (410ms)
				LogAssemblyErrors (0ms)
				InitializePlatformSupportModulesInManaged (5ms)
				SetLoadedEditorAssemblies (0ms)
				RefreshPlugins (0ms)
				BeforeProcessingInitializeOnLoad (72ms)
				ProcessInitializeOnLoadAttributes (324ms)
				ProcessInitializeOnLoadMethodAttributes (4ms)
				AfterProcessingInitializeOnLoad (2ms)
				EditorAssembliesLoaded (0ms)
			ExecutionOrderSort2 (0ms)
			AwakeInstancesAfterBackupRestoration (8ms)
Platform modules already initialized, skipping
Refreshing native plugins compatible for Editor in 0.36 ms, found 2 plugins.
Preloading 0 native plugins for Editor in 0.00 ms.
Unloading 1417 Unused Serialized files (Serialized files now loaded: 0)
System memory in use before: 78.9 MB.
System memory in use after: 79.0 MB.

Unloading 13 unused Assets to reduce memory usage. Loaded Objects now: 1878.
Total: 2.909700 ms (FindLiveObjects: 0.155900 ms CreateObjectMapping: 0.050200 ms MarkObjects: 2.684400 ms  DeleteObjects: 0.018100 ms)

AssetImportParameters requested are different than current active one (requested -> active):
  custom:framework-win-MediaFoundation: 216162199b28c13a410421893ffa2e32 -> 
  custom:video-decoder-ogg-theora: a1e56fd34408186e4bbccfd4996cb3dc -> 
  custom:container-muxer-webm: aa71ff27fc2769a1b78a27578f13a17b -> 
  custom:container-demuxer-webm: 4f35f7cbe854078d1ac9338744f61a02 -> 
  custom:container-demuxer-ogg: 62fdf1f143b41e24485cea50d1cbac27 -> 
  custom:video-encoder-webm-vp8: eb34c28f22e8b96e1ab97ce403110664 -> 
  custom:video-decoder-webm-vp8: 9c59270c3fd7afecdb556c50c9e8de78 -> 
  custom:audio-decoder-ogg-vorbis: bf7c407c2cedff20999df2af8eb42d56 -> 
  custom:audio-encoder-webm-vorbis: bf7c407c2cedff20999df2af8eb42d56 -> 
========================================================================
Received Import Request.
  Time since last request: 1839.108025 seconds.
  path: Assets/script/Character/Character_Animation.cs
  artifactKey: Guid(d6ace01404824c04aa14d90c6519c6d3) Importer(815301076,1909f56bfc062723c751e8b465ee728b)
Start importing Assets/script/Character/Character_Animation.cs using Guid(d6ace01404824c04aa14d90c6519c6d3) Importer(815301076,1909f56bfc062723c751e8b465ee728b)  -> (artifact id: '4dd1ca5d6912c4da46a87c27272e5ba3') in 0.004567 seconds 
  Import took 0.006880 seconds .

========================================================================
Received Prepare
Registering precompiled user dll's ...
Registered in 0.011604 seconds.
Begin MonoManager ReloadAssembly
Native extension for WindowsStandalone target not found
Refreshing native plugins compatible for Editor in 0.34 ms, found 2 plugins.
Preloading 0 native plugins for Editor in 0.00 ms.
Mono: successfully reloaded assembly
- Completed reload, in  1.229 seconds
Domain Reload Profiling:
	ReloadAssembly (1229ms)
		BeginReloadAssembly (166ms)
			ExecutionOrderSort (0ms)
			DisableScriptedObjects (7ms)
			BackupInstance (0ms)
			ReleaseScriptingObjects (0ms)
			CreateAndSetChildDomain (37ms)
		EndReloadAssembly (991ms)
			LoadAssemblies (140ms)
			RebuildTransferFunctionScriptingTraits (0ms)
			SetupTypeCache (332ms)
			ReleaseScriptCaches (1ms)
			RebuildScriptCaches (43ms)
			SetupLoadedEditorAssemblies (404ms)
				LogAssemblyErrors (0ms)
				InitializePlatformSupportModulesInManaged (5ms)
				SetLoadedEditorAssemblies (0ms)
				RefreshPlugins (0ms)
				BeforeProcessingInitializeOnLoad (74ms)
				ProcessInitializeOnLoadAttributes (317ms)
				ProcessInitializeOnLoadMethodAttributes (4ms)
				AfterProcessingInitializeOnLoad (2ms)
				EditorAssembliesLoaded (0ms)
			ExecutionOrderSort2 (0ms)
			AwakeInstancesAfterBackupRestoration (9ms)
Platform modules already initialized, skipping
Refreshing native plugins compatible for Editor in 0.32 ms, found 2 plugins.
Preloading 0 native plugins for Editor in 0.00 ms.
Unloading 1417 Unused Serialized files (Serialized files now loaded: 0)
System memory in use before: 78.9 MB.
System memory in use after: 79.0 MB.

Unloading 13 unused Assets to reduce memory usage. Loaded Objects now: 1880.
Total: 3.085100 ms (FindLiveObjects: 0.156000 ms CreateObjectMapping: 0.040500 ms MarkObjects: 2.870000 ms  DeleteObjects: 0.017800 ms)

AssetImportParameters requested are different than current active one (requested -> active):
  custom:framework-win-MediaFoundation: 216162199b28c13a410421893ffa2e32 -> 
  custom:video-decoder-ogg-theora: a1e56fd34408186e4bbccfd4996cb3dc -> 
  custom:container-muxer-webm: aa71ff27fc2769a1b78a27578f13a17b -> 
  custom:container-demuxer-webm: 4f35f7cbe854078d1ac9338744f61a02 -> 
  custom:container-demuxer-ogg: 62fdf1f143b41e24485cea50d1cbac27 -> 
  custom:video-encoder-webm-vp8: eb34c28f22e8b96e1ab97ce403110664 -> 
  custom:video-decoder-webm-vp8: 9c59270c3fd7afecdb556c50c9e8de78 -> 
  custom:audio-decoder-ogg-vorbis: bf7c407c2cedff20999df2af8eb42d56 -> 
  custom:audio-encoder-webm-vorbis: bf7c407c2cedff20999df2af8eb42d56 -> 
========================================================================
Received Import Request.
  Time since last request: 1086.040304 seconds.
  path: Assets/script/Character/Character_Animation.cs
  artifactKey: Guid(d6ace01404824c04aa14d90c6519c6d3) Importer(815301076,1909f56bfc062723c751e8b465ee728b)
Start importing Assets/script/Character/Character_Animation.cs using Guid(d6ace01404824c04aa14d90c6519c6d3) Importer(815301076,1909f56bfc062723c751e8b465ee728b)  -> (artifact id: '73fed28dbce4023f5889dd4f246491b9') in 0.004638 seconds 
  Import took 0.007090 seconds .

========================================================================
Received Import Request.
  Time since last request: 699.977579 seconds.
  path: Assets/Animation/melee_character.controller
  artifactKey: Guid(991d029159d7d6442b85202002dfd6d0) Importer(815301076,1909f56bfc062723c751e8b465ee728b)
Start importing Assets/Animation/melee_character.controller using Guid(991d029159d7d6442b85202002dfd6d0) Importer(815301076,1909f56bfc062723c751e8b465ee728b)  -> (artifact id: 'ec74bea7bcb984cd7edaf0ffd3b340a2') in 0.135873 seconds 
  Import took 0.139852 seconds .

========================================================================
Received Import Request.
  Time since last request: 49.461244 seconds.
  path: Assets/script/shader/New Material.mat
  artifactKey: Guid(5df812456518e634b8feb879f615d458) Importer(815301076,1909f56bfc062723c751e8b465ee728b)
Start importing Assets/script/shader/New Material.mat using Guid(5df812456518e634b8feb879f615d458) Importer(815301076,1909f56bfc062723c751e8b465ee728b)  -> (artifact id: 'c3b21c6219bc1d1ae562c90ea9395de3') in 0.274083 seconds 
  Import took 0.276890 seconds .

========================================================================
Received Import Request.
  Time since last request: 63.400290 seconds.
  path: Assets/script/Character/Player1/melee_character.prefab
  artifactKey: Guid(9140321c22363734a8c84c2d625a7cd3) Importer(815301076,1909f56bfc062723c751e8b465ee728b)
Start importing Assets/script/Character/Player1/melee_character.prefab using Guid(9140321c22363734a8c84c2d625a7cd3) Importer(815301076,1909f56bfc062723c751e8b465ee728b) You are trying to create a MonoBehaviour using the 'new' keyword.  This is not allowed.  MonoBehaviours can only be added using AddComponent(). Alternatively, your script can inherit from ScriptableObject or no base class at all
UnityEngine.StackTraceUtility:ExtractStackTrace ()
UnityEngine.MonoBehaviour:.ctor ()
Character_status:.ctor () (at Assets/script/Character_status.cs:41)
Player1_status:.ctor () (at Assets/script/Character/Player1/Player1_status.cs:7)
Player1:.ctor () (at Assets/script/Character/Player1/Player1.cs:11)

[Assets/script/Character_status.cs line 41]

You are trying to create a MonoBehaviour using the 'new' keyword.  This is not allowed.  MonoBehaviours can only be added using AddComponent(). Alternatively, your script can inherit from ScriptableObject or no base class at all
UnityEngine.StackTraceUtility:ExtractStackTrace ()
UnityEngine.MonoBehaviour:.ctor ()
Character_Priority:.ctor () (at Assets/script/Priority/Character_Priority.cs:16)
Character_attack:.ctor () (at Assets/script/Character_attack.cs:11)
Player1_ai:.ctor () (at Assets/script/Character/Player1/Player1_ai.cs:8)
Player1:.ctor () (at Assets/script/Character/Player1/Player1.cs:13)

[Assets/script/Priority/Character_Priority.cs line 16]

NullReferenceException: Object reference not set to an instance of an object
  at Character_Priority..ctor () [0x00006] in D:\project\unity\2022 08 29\Assets\script\Priority\Character_Priority.cs:17 
  at Character_attack..ctor () [0x0000b] in D:\project\unity\2022 08 29\Assets\script\Character_attack.cs:11 
  at Player1_ai..ctor () [0x00000] in D:\project\unity\2022 08 29\Assets\script\Character\Player1\Player1_ai.cs:8 
  at Player1..ctor () [0x0002d] in D:\project\unity\2022 08 29\Assets\script\Character\Player1\Player1.cs:13 

(Filename: Assets/script/Priority/Character_Priority.cs Line: 17)

You are trying to create a MonoBehaviour using the 'new' keyword.  This is not allowed.  MonoBehaviours can only be added using AddComponent(). Alternatively, your script can inherit from ScriptableObject or no base class at all
UnityEngine.StackTraceUtility:ExtractStackTrace ()
UnityEngine.MonoBehaviour:.ctor ()
Character_Priority:.ctor () (at Assets/script/Priority/Character_Priority.cs:16)
Character_attack:.ctor () (at Assets/script/Character_attack.cs:11)
Player1_ai:.ctor () (at Assets/script/Character/Player1/Player1_ai.cs:8)

[Assets/script/Priority/Character_Priority.cs line 16]

NullReferenceException: Object reference not set to an instance of an object
  at Character_Priority..ctor () [0x00006] in D:\project\unity\2022 08 29\Assets\script\Priority\Character_Priority.cs:17 
  at Character_attack..ctor () [0x0000b] in D:\project\unity\2022 08 29\Assets\script\Character_attack.cs:11 
  at Player1_ai..ctor () [0x00000] in D:\project\unity\2022 08 29\Assets\script\Character\Player1\Player1_ai.cs:8 

(Filename: Assets/script/Priority/Character_Priority.cs Line: 17)

You are trying to create a MonoBehaviour using the 'new' keyword.  This is not allowed.  MonoBehaviours can only be added using AddComponent(). Alternatively, your script can inherit from ScriptableObject or no base class at all
UnityEngine.StackTraceUtility:ExtractStackTrace ()
UnityEngine.MonoBehaviour:.ctor ()
Character_status:.ctor () (at Assets/script/Character_status.cs:41)
Player1_status:.ctor () (at Assets/script/Character/Player1/Player1_status.cs:7)
Player1:.ctor () (at Assets/script/Character/Player1/Player1.cs:11)
UnityEditor.EditorUtility:Internal_InstantiateRemoveAllNonAnimationComponentsSingle (UnityEngine.Object,UnityEngine.Vector3,UnityEngine.Quaternion)
UnityEditor.EditorUtility:InstantiateRemoveAllNonAnimationComponents (UnityEngine.Object,UnityEngine.Vector3,UnityEngine.Quaternion)
UnityEditor.EditorUtility:InstantiateForAnimatorPreview (UnityEngine.Object)
UnityEditor.GameObjectInspector/PreviewData:UpdateGameObject (UnityEngine.Object)
UnityEditor.GameObjectInspector/PreviewData:.ctor (UnityEngine.Object)
UnityEditor.GameObjectInspector:GetPreviewData ()
UnityEditor.GameObjectInspector:RenderStaticPreview (string,UnityEngine.Object[],int,int)
UnityEditor.AssetPreviewUpdater:CreatePreviewForAsset (UnityEngine.Object,UnityEngine.Object[],string)

[Assets/script/Character_status.cs line 41]

You are trying to create a MonoBehaviour using the 'new' keyword.  This is not allowed.  MonoBehaviours can only be added using AddComponent(). Alternatively, your script can inherit from ScriptableObject or no base class at all
UnityEngine.StackTraceUtility:ExtractStackTrace ()
UnityEngine.MonoBehaviour:.ctor ()
Character_Priority:.ctor () (at Assets/script/Priority/Character_Priority.cs:16)
Character_attack:.ctor () (at Assets/script/Character_attack.cs:11)
Player1_ai:.ctor () (at Assets/script/Character/Player1/Player1_ai.cs:8)
Player1:.ctor () (at Assets/script/Character/Player1/Player1.cs:13)
UnityEditor.EditorUtility:Internal_InstantiateRemoveAllNonAnimationComponentsSingle (UnityEngine.Object,UnityEngine.Vector3,UnityEngine.Quaternion)
UnityEditor.EditorUtility:InstantiateRemoveAllNonAnimationComponents (UnityEngine.Object,UnityEngine.Vector3,UnityEngine.Quaternion)
UnityEditor.EditorUtility:InstantiateForAnimatorPreview (UnityEngine.Object)
UnityEditor.GameObjectInspector/PreviewData:UpdateGameObject (UnityEngine.Object)
UnityEditor.GameObjectInspector/PreviewData:.ctor (UnityEngine.Object)
UnityEditor.GameObjectInspector:GetPreviewData ()
UnityEditor.GameObjectInspector:RenderStaticPreview (string,UnityEngine.Object[],int,int)
UnityEditor.AssetPreviewUpdater:CreatePreviewForAsset (UnityEngine.Object,UnityEngine.Object[],string)

[Assets/script/Priority/Character_Priority.cs line 16]

NullReferenceException: Object reference not set to an instance of an object
  at Character_Priority..ctor () [0x00006] in D:\project\unity\2022 08 29\Assets\script\Priority\Character_Priority.cs:17 
  at Character_attack..ctor () [0x0000b] in D:\project\unity\2022 08 29\Assets\script\Character_attack.cs:11 
  at Player1_ai..ctor () [0x00000] in D:\project\unity\2022 08 29\Assets\script\Character\Player1\Player1_ai.cs:8 
  at Player1..ctor () [0x0002d] in D:\project\unity\2022 08 29\Assets\script\Character\Player1\Player1.cs:13 
UnityEditor.EditorUtility:Internal_InstantiateRemoveAllNonAnimationComponentsSingle_Injected(Object, Vector3&, Quaternion&)
UnityEditor.EditorUtility:Internal_InstantiateRemoveAllNonAnimationComponentsSingle(Object, Vector3, Quaternion)
UnityEditor.EditorUtility:InstantiateRemoveAllNonAnimationComponents(Object, Vector3, Quaternion)
UnityEditor.EditorUtility:InstantiateForAnimatorPreview(Object)
UnityEditor.PreviewData:UpdateGameObject(Object)
UnityEditor.PreviewData:.ctor(Object)
UnityEditor.GameObjectInspector:GetPreviewData()
UnityEditor.GameObjectInspector:RenderStaticPreview(String, Object[], Int32, Int32)
UnityEditor.AssetPreviewUpdater:CreatePreviewForAsset(Object, Object[], String)

(Filename: Assets/script/Priority/Character_Priority.cs Line: 17)

You are trying to create a MonoBehaviour using the 'new' keyword.  This is not allowed.  MonoBehaviours can only be added using AddComponent(). Alternatively, your script can inherit from ScriptableObject or no base class at all
UnityEngine.StackTraceUtility:ExtractStackTrace ()
UnityEngine.MonoBehaviour:.ctor ()
Character_Priority:.ctor () (at Assets/script/Priority/Character_Priority.cs:16)
Character_attack:.ctor () (at Assets/script/Character_attack.cs:11)
Player1_ai:.ctor () (at Assets/script/Character/Player1/Player1_ai.cs:8)
UnityEditor.EditorUtility:Internal_InstantiateRemoveAllNonAnimationComponentsSingle (UnityEngine.Object,UnityEngine.Vector3,UnityEngine.Quaternion)
UnityEditor.EditorUtility:InstantiateRemoveAllNonAnimationComponents (UnityEngine.Object,UnityEngine.Vector3,UnityEngine.Quaternion)
UnityEditor.EditorUtility:InstantiateForAnimatorPreview (UnityEngine.Object)
UnityEditor.GameObjectInspector/PreviewData:UpdateGameObject (UnityEngine.Object)
UnityEditor.GameObjectInspector/PreviewData:.ctor (UnityEngine.Object)
UnityEditor.GameObjectInspector:GetPreviewData ()
UnityEditor.GameObjectInspector:RenderStaticPreview (string,UnityEngine.Object[],int,int)
UnityEditor.AssetPreviewUpdater:CreatePreviewForAsset (UnityEngine.Object,UnityEngine.Object[],string)

[Assets/script/Priority/Character_Priority.cs line 16]

NullReferenceException: Object reference not set to an instance of an object
  at Character_Priority..ctor () [0x00006] in D:\project\unity\2022 08 29\Assets\script\Priority\Character_Priority.cs:17 
  at Character_attack..ctor () [0x0000b] in D:\project\unity\2022 08 29\Assets\script\Character_attack.cs:11 
  at Player1_ai..ctor () [0x00000] in D:\project\unity\2022 08 29\Assets\script\Character\Player1\Player1_ai.cs:8 
UnityEditor.EditorUtility:Internal_InstantiateRemoveAllNonAnimationComponentsSingle_Injected(Object, Vector3&, Quaternion&)
UnityEditor.EditorUtility:Internal_InstantiateRemoveAllNonAnimationComponentsSingle(Object, Vector3, Quaternion)
UnityEditor.EditorUtility:InstantiateRemoveAllNonAnimationComponents(Object, Vector3, Quaternion)
UnityEditor.EditorUtility:InstantiateForAnimatorPreview(Object)
UnityEditor.PreviewData:UpdateGameObject(Object)
UnityEditor.PreviewData:.ctor(Object)
UnityEditor.GameObjectInspector:GetPreviewData()
UnityEditor.GameObjectInspector:RenderStaticPreview(String, Object[], Int32, Int32)
UnityEditor.AssetPreviewUpdater:CreatePreviewForAsset(Object, Object[], String)

(Filename: Assets/script/Priority/Character_Priority.cs Line: 17)

 -> (artifact id: 'f356afdee58e30d4e68786a5f13be46c') in 0.354279 seconds 
  Import took 0.357573 seconds .

========================================================================
Received Import Request.
  Time since last request: 0.001107 seconds.
  path: Assets/script/Character/Player1/melee_character.prefab
  artifactKey: Guid(9140321c22363734a8c84c2d625a7cd3) Importer(815301076,1909f56bfc062723c751e8b465ee728b)
Start importing Assets/script/Character/Player1/melee_character.prefab using Guid(9140321c22363734a8c84c2d625a7cd3) Importer(815301076,1909f56bfc062723c751e8b465ee728b) You are trying to create a MonoBehaviour using the 'new' keyword.  This is not allowed.  MonoBehaviours can only be added using AddComponent(). Alternatively, your script can inherit from ScriptableObject or no base class at all
UnityEngine.StackTraceUtility:ExtractStackTrace ()
UnityEngine.MonoBehaviour:.ctor ()
Character_status:.ctor () (at Assets/script/Character_status.cs:41)
Player1_status:.ctor () (at Assets/script/Character/Player1/Player1_status.cs:7)
Player1:.ctor () (at Assets/script/Character/Player1/Player1.cs:11)

[Assets/script/Character_status.cs line 41]

You are trying to create a MonoBehaviour using the 'new' keyword.  This is not allowed.  MonoBehaviours can only be added using AddComponent(). Alternatively, your script can inherit from ScriptableObject or no base class at all
UnityEngine.StackTraceUtility:ExtractStackTrace ()
UnityEngine.MonoBehaviour:.ctor ()
Character_Priority:.ctor () (at Assets/script/Priority/Character_Priority.cs:16)
Character_attack:.ctor () (at Assets/script/Character_attack.cs:11)
Player1_ai:.ctor () (at Assets/script/Character/Player1/Player1_ai.cs:8)
Player1:.ctor () (at Assets/script/Character/Player1/Player1.cs:13)

[Assets/script/Priority/Character_Priority.cs line 16]

NullReferenceException: Object reference not set to an instance of an object
  at Character_Priority..ctor () [0x00006] in D:\project\unity\2022 08 29\Assets\script\Priority\Character_Priority.cs:17 
  at Character_attack..ctor () [0x0000b] in D:\project\unity\2022 08 29\Assets\script\Character_attack.cs:11 
  at Player1_ai..ctor () [0x00000] in D:\project\unity\2022 08 29\Assets\script\Character\Player1\Player1_ai.cs:8 
  at Player1..ctor () [0x0002d] in D:\project\unity\2022 08 29\Assets\script\Character\Player1\Player1.cs:13 

(Filename: Assets/script/Priority/Character_Priority.cs Line: 17)

You are trying to create a MonoBehaviour using the 'new' keyword.  This is not allowed.  MonoBehaviours can only be added using AddComponent(). Alternatively, your script can inherit from ScriptableObject or no base class at all
UnityEngine.StackTraceUtility:ExtractStackTrace ()
UnityEngine.MonoBehaviour:.ctor ()
Character_Priority:.ctor () (at Assets/script/Priority/Character_Priority.cs:16)
Character_attack:.ctor () (at Assets/script/Character_attack.cs:11)
Player1_ai:.ctor () (at Assets/script/Character/Player1/Player1_ai.cs:8)

[Assets/script/Priority/Character_Priority.cs line 16]

NullReferenceException: Object reference not set to an instance of an object
  at Character_Priority..ctor () [0x00006] in D:\project\unity\2022 08 29\Assets\script\Priority\Character_Priority.cs:17 
  at Character_attack..ctor () [0x0000b] in D:\project\unity\2022 08 29\Assets\script\Character_attack.cs:11 
  at Player1_ai..ctor () [0x00000] in D:\project\unity\2022 08 29\Assets\script\Character\Player1\Player1_ai.cs:8 

(Filename: Assets/script/Priority/Character_Priority.cs Line: 17)

You are trying to create a MonoBehaviour using the 'new' keyword.  This is not allowed.  MonoBehaviours can only be added using AddComponent(). Alternatively, your script can inherit from ScriptableObject or no base class at all
UnityEngine.StackTraceUtility:ExtractStackTrace ()
UnityEngine.MonoBehaviour:.ctor ()
Character_status:.ctor () (at Assets/script/Character_status.cs:41)
Player1_status:.ctor () (at Assets/script/Character/Player1/Player1_status.cs:7)
Player1:.ctor () (at Assets/script/Character/Player1/Player1.cs:11)
UnityEditor.EditorUtility:Internal_InstantiateRemoveAllNonAnimationComponentsSingle (UnityEngine.Object,UnityEngine.Vector3,UnityEngine.Quaternion)
UnityEditor.EditorUtility:InstantiateRemoveAllNonAnimationComponents (UnityEngine.Object,UnityEngine.Vector3,UnityEngine.Quaternion)
UnityEditor.EditorUtility:InstantiateForAnimatorPreview (UnityEngine.Object)
UnityEditor.GameObjectInspector/PreviewData:UpdateGameObject (UnityEngine.Object)
UnityEditor.GameObjectInspector/PreviewData:.ctor (UnityEngine.Object)
UnityEditor.GameObjectInspector:GetPreviewData ()
UnityEditor.GameObjectInspector:RenderStaticPreview (string,UnityEngine.Object[],int,int)
UnityEditor.AssetPreviewUpdater:CreatePreviewForAsset (UnityEngine.Object,UnityEngine.Object[],string)

[Assets/script/Character_status.cs line 41]

You are trying to create a MonoBehaviour using the 'new' keyword.  This is not allowed.  MonoBehaviours can only be added using AddComponent(). Alternatively, your script can inherit from ScriptableObject or no base class at all
UnityEngine.StackTraceUtility:ExtractStackTrace ()
UnityEngine.MonoBehaviour:.ctor ()
Character_Priority:.ctor () (at Assets/script/Priority/Character_Priority.cs:16)
Character_attack:.ctor () (at Assets/script/Character_attack.cs:11)
Player1_ai:.ctor () (at Assets/script/Character/Player1/Player1_ai.cs:8)
Player1:.ctor () (at Assets/script/Character/Player1/Player1.cs:13)
UnityEditor.EditorUtility:Internal_InstantiateRemoveAllNonAnimationComponentsSingle (UnityEngine.Object,UnityEngine.Vector3,UnityEngine.Quaternion)
UnityEditor.EditorUtility:InstantiateRemoveAllNonAnimationComponents (UnityEngine.Object,UnityEngine.Vector3,UnityEngine.Quaternion)
UnityEditor.EditorUtility:InstantiateForAnimatorPreview (UnityEngine.Object)
UnityEditor.GameObjectInspector/PreviewData:UpdateGameObject (UnityEngine.Object)
UnityEditor.GameObjectInspector/PreviewData:.ctor (UnityEngine.Object)
UnityEditor.GameObjectInspector:GetPreviewData ()
UnityEditor.GameObjectInspector:RenderStaticPreview (string,UnityEngine.Object[],int,int)
UnityEditor.AssetPreviewUpdater:CreatePreviewForAsset (UnityEngine.Object,UnityEngine.Object[],string)

[Assets/script/Priority/Character_Priority.cs line 16]

NullReferenceException: Object reference not set to an instance of an object
  at Character_Priority..ctor () [0x00006] in D:\project\unity\2022 08 29\Assets\script\Priority\Character_Priority.cs:17 
  at Character_attack..ctor () [0x0000b] in D:\project\unity\2022 08 29\Assets\script\Character_attack.cs:11 
  at Player1_ai..ctor () [0x00000] in D:\project\unity\2022 08 29\Assets\script\Character\Player1\Player1_ai.cs:8 
  at Player1..ctor () [0x0002d] in D:\project\unity\2022 08 29\Assets\script\Character\Player1\Player1.cs:13 
UnityEditor.EditorUtility:Internal_InstantiateRemoveAllNonAnimationComponentsSingle_Injected(Object, Vector3&, Quaternion&)
UnityEditor.EditorUtility:Internal_InstantiateRemoveAllNonAnimationComponentsSingle(Object, Vector3, Quaternion)
UnityEditor.EditorUtility:InstantiateRemoveAllNonAnimationComponents(Object, Vector3, Quaternion)
UnityEditor.EditorUtility:InstantiateForAnimatorPreview(Object)
UnityEditor.PreviewData:UpdateGameObject(Object)
UnityEditor.PreviewData:.ctor(Object)
UnityEditor.GameObjectInspector:GetPreviewData()
UnityEditor.GameObjectInspector:RenderStaticPreview(String, Object[], Int32, Int32)
UnityEditor.AssetPreviewUpdater:CreatePreviewForAsset(Object, Object[], String)

(Filename: Assets/script/Priority/Character_Priority.cs Line: 17)

You are trying to create a MonoBehaviour using the 'new' keyword.  This is not allowed.  MonoBehaviours can only be added using AddComponent(). Alternatively, your script can inherit from ScriptableObject or no base class at all
UnityEngine.StackTraceUtility:ExtractStackTrace ()
UnityEngine.MonoBehaviour:.ctor ()
Character_Priority:.ctor () (at Assets/script/Priority/Character_Priority.cs:16)
Character_attack:.ctor () (at Assets/script/Character_attack.cs:11)
Player1_ai:.ctor () (at Assets/script/Character/Player1/Player1_ai.cs:8)
UnityEditor.EditorUtility:Internal_InstantiateRemoveAllNonAnimationComponentsSingle (UnityEngine.Object,UnityEngine.Vector3,UnityEngine.Quaternion)
UnityEditor.EditorUtility:InstantiateRemoveAllNonAnimationComponents (UnityEngine.Object,UnityEngine.Vector3,UnityEngine.Quaternion)
UnityEditor.EditorUtility:InstantiateForAnimatorPreview (UnityEngine.Object)
UnityEditor.GameObjectInspector/PreviewData:UpdateGameObject (UnityEngine.Object)
UnityEditor.GameObjectInspector/PreviewData:.ctor (UnityEngine.Object)
UnityEditor.GameObjectInspector:GetPreviewData ()
UnityEditor.GameObjectInspector:RenderStaticPreview (string,UnityEngine.Object[],int,int)
UnityEditor.AssetPreviewUpdater:CreatePreviewForAsset (UnityEngine.Object,UnityEngine.Object[],string)

[Assets/script/Priority/Character_Priority.cs line 16]

NullReferenceException: Object reference not set to an instance of an object
  at Character_Priority..ctor () [0x00006] in D:\project\unity\2022 08 29\Assets\script\Priority\Character_Priority.cs:17 
  at Character_attack..ctor () [0x0000b] in D:\project\unity\2022 08 29\Assets\script\Character_attack.cs:11 
  at Player1_ai..ctor () [0x00000] in D:\project\unity\2022 08 29\Assets\script\Character\Player1\Player1_ai.cs:8 
UnityEditor.EditorUtility:Internal_InstantiateRemoveAllNonAnimationComponentsSingle_Injected(Object, Vector3&, Quaternion&)
UnityEditor.EditorUtility:Internal_InstantiateRemoveAllNonAnimationComponentsSingle(Object, Vector3, Quaternion)
UnityEditor.EditorUtility:InstantiateRemoveAllNonAnimationComponents(Object, Vector3, Quaternion)
UnityEditor.EditorUtility:InstantiateForAnimatorPreview(Object)
UnityEditor.PreviewData:UpdateGameObject(Object)
UnityEditor.PreviewData:.ctor(Object)
UnityEditor.GameObjectInspector:GetPreviewData()
UnityEditor.GameObjectInspector:RenderStaticPreview(String, Object[], Int32, Int32)
UnityEditor.AssetPreviewUpdater:CreatePreviewForAsset(Object, Object[], String)

(Filename: Assets/script/Priority/Character_Priority.cs Line: 17)

 -> (artifact id: 'f356afdee58e30d4e68786a5f13be46c') in 0.020832 seconds 
  Import took 0.024188 seconds .

========================================================================
Received Prepare
Registering precompiled user dll's ...
Registered in 0.004552 seconds.
Begin MonoManager ReloadAssembly
Native extension for WindowsStandalone target not found
Refreshing native plugins compatible for Editor in 0.35 ms, found 2 plugins.
Preloading 0 native plugins for Editor in 0.00 ms.
Mono: successfully reloaded assembly
- Completed reload, in  1.235 seconds
Domain Reload Profiling:
	ReloadAssembly (1235ms)
		BeginReloadAssembly (176ms)
			ExecutionOrderSort (0ms)
			DisableScriptedObjects (5ms)
			BackupInstance (0ms)
			ReleaseScriptingObjects (0ms)
			CreateAndSetChildDomain (39ms)
		EndReloadAssembly (983ms)
			LoadAssemblies (161ms)
			RebuildTransferFunctionScriptingTraits (0ms)
			SetupTypeCache (321ms)
			ReleaseScriptCaches (1ms)
			RebuildScriptCaches (42ms)
			SetupLoadedEditorAssemblies (398ms)
				LogAssemblyErrors (0ms)
				InitializePlatformSupportModulesInManaged (6ms)
				SetLoadedEditorAssemblies (1ms)
				RefreshPlugins (0ms)
				BeforeProcessingInitializeOnLoad (75ms)
				ProcessInitializeOnLoadAttributes (310ms)
				ProcessInitializeOnLoadMethodAttributes (4ms)
				AfterProcessingInitializeOnLoad (2ms)
				EditorAssembliesLoaded (0ms)
			ExecutionOrderSort2 (0ms)
			AwakeInstancesAfterBackupRestoration (8ms)
Platform modules already initialized, skipping
Refreshing native plugins compatible for Editor in 0.32 ms, found 2 plugins.
Preloading 0 native plugins for Editor in 0.00 ms.
Unloading 1417 Unused Serialized files (Serialized files now loaded: 0)
System memory in use before: 82.4 MB.
System memory in use after: 82.5 MB.

Unloading 13 unused Assets to reduce memory usage. Loaded Objects now: 1924.
Total: 3.407500 ms (FindLiveObjects: 0.169800 ms CreateObjectMapping: 0.063100 ms MarkObjects: 3.154800 ms  DeleteObjects: 0.018600 ms)

AssetImportParameters requested are different than current active one (requested -> active):
  custom:framework-win-MediaFoundation: 216162199b28c13a410421893ffa2e32 -> 
  custom:video-decoder-ogg-theora: a1e56fd34408186e4bbccfd4996cb3dc -> 
  custom:container-muxer-webm: aa71ff27fc2769a1b78a27578f13a17b -> 
  custom:container-demuxer-webm: 4f35f7cbe854078d1ac9338744f61a02 -> 
  custom:container-demuxer-ogg: 62fdf1f143b41e24485cea50d1cbac27 -> 
  custom:video-encoder-webm-vp8: eb34c28f22e8b96e1ab97ce403110664 -> 
  custom:video-decoder-webm-vp8: 9c59270c3fd7afecdb556c50c9e8de78 -> 
  custom:audio-decoder-ogg-vorbis: bf7c407c2cedff20999df2af8eb42d56 -> 
  custom:audio-encoder-webm-vorbis: bf7c407c2cedff20999df2af8eb42d56 -> 
========================================================================
Received Prepare
Registering precompiled user dll's ...
Registered in 0.005933 seconds.
Begin MonoManager ReloadAssembly
Native extension for WindowsStandalone target not found
Refreshing native plugins compatible for Editor in 0.34 ms, found 2 plugins.
Preloading 0 native plugins for Editor in 0.00 ms.
Mono: successfully reloaded assembly
- Completed reload, in  1.221 seconds
Domain Reload Profiling:
	ReloadAssembly (1222ms)
		BeginReloadAssembly (171ms)
			ExecutionOrderSort (0ms)
			DisableScriptedObjects (5ms)
			BackupInstance (0ms)
			ReleaseScriptingObjects (0ms)
			CreateAndSetChildDomain (44ms)
		EndReloadAssembly (981ms)
			LoadAssemblies (143ms)
			RebuildTransferFunctionScriptingTraits (0ms)
			SetupTypeCache (337ms)
			ReleaseScriptCaches (1ms)
			RebuildScriptCaches (42ms)
			SetupLoadedEditorAssemblies (392ms)
				LogAssemblyErrors (0ms)
				InitializePlatformSupportModulesInManaged (5ms)
				SetLoadedEditorAssemblies (0ms)
				RefreshPlugins (0ms)
				BeforeProcessingInitializeOnLoad (75ms)
				ProcessInitializeOnLoadAttributes (303ms)
				ProcessInitializeOnLoadMethodAttributes (5ms)
				AfterProcessingInitializeOnLoad (2ms)
				EditorAssembliesLoaded (0ms)
			ExecutionOrderSort2 (0ms)
			AwakeInstancesAfterBackupRestoration (7ms)
Platform modules already initialized, skipping
Refreshing native plugins compatible for Editor in 0.60 ms, found 2 plugins.
Preloading 0 native plugins for Editor in 0.00 ms.
Unloading 1417 Unused Serialized files (Serialized files now loaded: 0)
System memory in use before: 82.4 MB.
System memory in use after: 82.6 MB.

Unloading 13 unused Assets to reduce memory usage. Loaded Objects now: 1926.
Total: 3.793700 ms (FindLiveObjects: 0.187900 ms CreateObjectMapping: 0.054200 ms MarkObjects: 3.523500 ms  DeleteObjects: 0.026700 ms)

AssetImportParameters requested are different than current active one (requested -> active):
  custom:framework-win-MediaFoundation: 216162199b28c13a410421893ffa2e32 -> 
  custom:video-decoder-ogg-theora: a1e56fd34408186e4bbccfd4996cb3dc -> 
  custom:container-muxer-webm: aa71ff27fc2769a1b78a27578f13a17b -> 
  custom:container-demuxer-webm: 4f35f7cbe854078d1ac9338744f61a02 -> 
  custom:container-demuxer-ogg: 62fdf1f143b41e24485cea50d1cbac27 -> 
  custom:video-encoder-webm-vp8: eb34c28f22e8b96e1ab97ce403110664 -> 
  custom:video-decoder-webm-vp8: 9c59270c3fd7afecdb556c50c9e8de78 -> 
  custom:audio-decoder-ogg-vorbis: bf7c407c2cedff20999df2af8eb42d56 -> 
  custom:audio-encoder-webm-vorbis: bf7c407c2cedff20999df2af8eb42d56 -> 
AssetImportWorkerClient::OnTransportError - code=2 error=End of file
