Using pre-set license
Built from '2020.3/staging' branch; Version is '2020.3.17f1 (a4537701e4ab) revision 10769271'; Using compiler version '192528614'; Build Type 'Release'
OS: 'Windows 10 Home; OS build 22000.856; Version 2009; 64bit' Language: 'ko' Physical Memory: 8101 MB
BatchMode: 1, IsHumanControllingUs: 0, StartBugReporterOnCrash: 0, Is64bit: 1, IsPro: 0

COMMAND LINE ARGUMENTS:
D:\unity\Editor\Unity.exe
-adb2
-batchMode
-noUpm
-name
AssetImportWorker0
-projectPath
D:/project/Github/my_portpolio/school project/necrosoul
-logFile
Logs/AssetImportWorker0.log
-srvPort
56976
Successfully changed project path to: D:/project/Github/my_portpolio/school project/necrosoul
D:/project/Github/my_portpolio/school project/necrosoul
Using Asset Import Pipeline V2.
Refreshing native plugins compatible for Editor in 118.09 ms, found 3 plugins.
Preloading 0 native plugins for Editor in 0.00 ms.
Initialize engine version: 2020.3.17f1 (a4537701e4ab)
[Subsystems] Discovering subsystems at path D:/unity/Editor/Data/Resources/UnitySubsystems
[Subsystems] Discovering subsystems at path D:/project/Github/my_portpolio/school project/necrosoul/Assets
GfxDevice: creating device client; threaded=0
Direct3D:
    Version:  Direct3D 11.0 [level 11.1]
    Renderer: NVIDIA GeForce GTX 1050 (ID=0x1c8d)
    Vendor:   
    VRAM:     4021 MB
    Driver:   30.0.14.9649
Initialize mono
Mono path[0] = 'D:/unity/Editor/Data/Managed'
Mono path[1] = 'D:/unity/Editor/Data/MonoBleedingEdge/lib/mono/unityjit'
Mono config path = 'D:/unity/Editor/Data/MonoBleedingEdge/etc'
Using monoOptions --debugger-agent=transport=dt_socket,embedding=1,server=y,suspend=n,address=127.0.0.1:56264
Begin MonoManager ReloadAssembly
Registering precompiled unity dll's ...
Register platform support module: D:/unity/Editor/Data/PlaybackEngines/WindowsStandaloneSupport/UnityEditor.WindowsStandalone.Extensions.dll
Registered in 0.001273 seconds.
Native extension for WindowsStandalone target not found
Refreshing native plugins compatible for Editor in 112.97 ms, found 3 plugins.
Preloading 0 native plugins for Editor in 0.00 ms.
Mono: successfully reloaded assembly
- Completed reload, in  3.959 seconds
Domain Reload Profiling:
	ReloadAssembly (3960ms)
		BeginReloadAssembly (104ms)
			ExecutionOrderSort (0ms)
			DisableScriptedObjects (0ms)
			BackupInstance (0ms)
			ReleaseScriptingObjects (0ms)
			CreateAndSetChildDomain (1ms)
		EndReloadAssembly (638ms)
			LoadAssemblies (103ms)
			RebuildTransferFunctionScriptingTraits (0ms)
			SetupTypeCache (219ms)
			ReleaseScriptCaches (0ms)
			RebuildScriptCaches (41ms)
			SetupLoadedEditorAssemblies (283ms)
				LogAssemblyErrors (0ms)
				InitializePlatformSupportModulesInManaged (8ms)
				SetLoadedEditorAssemblies (0ms)
				RefreshPlugins (113ms)
				BeforeProcessingInitializeOnLoad (23ms)
				ProcessInitializeOnLoadAttributes (101ms)
				ProcessInitializeOnLoadMethodAttributes (38ms)
				AfterProcessingInitializeOnLoad (0ms)
				EditorAssembliesLoaded (0ms)
			ExecutionOrderSort2 (0ms)
			AwakeInstancesAfterBackupRestoration (0ms)
Platform modules already initialized, skipping
Registering precompiled user dll's ...
Registered in 0.006871 seconds.
Begin MonoManager ReloadAssembly
Native extension for WindowsStandalone target not found
Refreshing native plugins compatible for Editor in 113.62 ms, found 3 plugins.
Preloading 0 native plugins for Editor in 0.00 ms.
Mono: successfully reloaded assembly
- Completed reload, in  1.745 seconds
Domain Reload Profiling:
	ReloadAssembly (1746ms)
		BeginReloadAssembly (223ms)
			ExecutionOrderSort (0ms)
			DisableScriptedObjects (8ms)
			BackupInstance (0ms)
			ReleaseScriptingObjects (0ms)
			CreateAndSetChildDomain (23ms)
		EndReloadAssembly (1451ms)
			LoadAssemblies (177ms)
			RebuildTransferFunctionScriptingTraits (0ms)
			SetupTypeCache (438ms)
			ReleaseScriptCaches (1ms)
			RebuildScriptCaches (81ms)
			SetupLoadedEditorAssemblies (620ms)
				LogAssemblyErrors (0ms)
				InitializePlatformSupportModulesInManaged (5ms)
				SetLoadedEditorAssemblies (0ms)
				RefreshPlugins (114ms)
				BeforeProcessingInitializeOnLoad (102ms)
				ProcessInitializeOnLoadAttributes (376ms)
				ProcessInitializeOnLoadMethodAttributes (20ms)
				AfterProcessingInitializeOnLoad (2ms)
				EditorAssembliesLoaded (0ms)
			ExecutionOrderSort2 (0ms)
			AwakeInstancesAfterBackupRestoration (8ms)
Platform modules already initialized, skipping
========================================================================
Worker process is ready to serve import requests
Launched and connected shader compiler UnityShaderCompiler.exe after 0.11 seconds
Refreshing native plugins compatible for Editor in 4.06 ms, found 3 plugins.
Preloading 0 native plugins for Editor in 0.00 ms.
Unloading 2637 Unused Serialized files (Serialized files now loaded: 0)
System memory in use before: 113.6 MB.
System memory in use after: 113.8 MB.

Unloading 27 unused Assets to reduce memory usage. Loaded Objects now: 3077.
Total: 5.857800 ms (FindLiveObjects: 0.301500 ms CreateObjectMapping: 0.142100 ms MarkObjects: 5.283900 ms  DeleteObjects: 0.128000 ms)

AssetImportParameters requested are different than current active one (requested -> active):
  custom:framework-win-MediaFoundation: 216162199b28c13a410421893ffa2e32 -> 
  custom:video-decoder-ogg-theora: a1e56fd34408186e4bbccfd4996cb3dc -> 
  custom:container-muxer-webm: aa71ff27fc2769a1b78a27578f13a17b -> 
  custom:container-demuxer-webm: 4f35f7cbe854078d1ac9338744f61a02 -> 
  custom:container-demuxer-ogg: 62fdf1f143b41e24485cea50d1cbac27 -> 
  custom:video-encoder-webm-vp8: eb34c28f22e8b96e1ab97ce403110664 -> 
  custom:video-decoder-webm-vp8: 9c59270c3fd7afecdb556c50c9e8de78 -> 
  custom:audio-decoder-ogg-vorbis: bf7c407c2cedff20999df2af8eb42d56 -> 
  custom:audio-encoder-webm-vorbis: bf7c407c2cedff20999df2af8eb42d56 -> 
========================================================================
Received Import Request.
  path: Assets/UltimateCleanGUIPack/Common/Sprites/Icons/User/Ability.png
  artifactKey: Guid(deab28e9c3e9e45e7aefdf5704afb12e) Importer(815301076,1909f56bfc062723c751e8b465ee728b)
Start importing Assets/UltimateCleanGUIPack/Common/Sprites/Icons/User/Ability.png using Guid(deab28e9c3e9e45e7aefdf5704afb12e) Importer(815301076,1909f56bfc062723c751e8b465ee728b)  -> (artifact id: 'ef3a3f2241b594fe3b7ffbcd0be29576') in 0.304954 seconds 
  Import took 0.313848 seconds .

========================================================================
Received Import Request.
  Time since last request: 0.000349 seconds.
  path: Assets/sprite/Bee/Bee-Sheet-hit-new.png
  artifactKey: Guid(a5b9f77b3457db14c8711cc7bb3c0464) Importer(815301076,1909f56bfc062723c751e8b465ee728b)
Start importing Assets/sprite/Bee/Bee-Sheet-hit-new.png using Guid(a5b9f77b3457db14c8711cc7bb3c0464) Importer(815301076,1909f56bfc062723c751e8b465ee728b)  -> (artifact id: 'd88f5237fd5355c9c45d8bf1e132bfd4') in 0.095940 seconds 
  Import took 0.100706 seconds .

========================================================================
Received Import Request.
  Time since last request: 0.000360 seconds.
  path: Assets/sprite/elite/Elite-Idle-Sheet.png
  artifactKey: Guid(cb48036f64956b94c8bd288ec9c0c419) Importer(815301076,1909f56bfc062723c751e8b465ee728b)
Start importing Assets/sprite/elite/Elite-Idle-Sheet.png using Guid(cb48036f64956b94c8bd288ec9c0c419) Importer(815301076,1909f56bfc062723c751e8b465ee728b)  -> (artifact id: '09d1d7a585c58f0ff21be0ecd35a5a99') in 0.039078 seconds 
  Import took 0.045151 seconds .

========================================================================
Received Import Request.
  Time since last request: 0.000349 seconds.
  path: Assets/Pixel Cartoon Effects 2d Pixelate Toon Sprite Sheet Effects/Sprites/ElectricityFX1.png
  artifactKey: Guid(f9bfdb81e780fde449e757413ddfeb8b) Importer(815301076,1909f56bfc062723c751e8b465ee728b)
Start importing Assets/Pixel Cartoon Effects 2d Pixelate Toon Sprite Sheet Effects/Sprites/ElectricityFX1.png using Guid(f9bfdb81e780fde449e757413ddfeb8b) Importer(815301076,1909f56bfc062723c751e8b465ee728b)  -> (artifact id: '2a9442abeb88e2147c382d631b7439a9') in 0.243889 seconds 
  Import took 0.248973 seconds .

========================================================================
Received Import Request.
  Time since last request: 0.000373 seconds.
  path: Assets/2D Pixel RPG Icon Pack/Icons/EtcItem/etcitem_007.png
  artifactKey: Guid(ce72eea0acd984807848ec5678f3d125) Importer(815301076,1909f56bfc062723c751e8b465ee728b)
Start importing Assets/2D Pixel RPG Icon Pack/Icons/EtcItem/etcitem_007.png using Guid(ce72eea0acd984807848ec5678f3d125) Importer(815301076,1909f56bfc062723c751e8b465ee728b)  -> (artifact id: 'b7abd66c3a1fa4ee1eaf786982fe93d6') in 0.082964 seconds 
  Import took 0.087590 seconds .

========================================================================
Received Import Request.
  Time since last request: 0.000424 seconds.
  path: Assets/Resources/Item.prefab
  artifactKey: Guid(d810a36def7f183468afb97b9ce0e679) Importer(815301076,1909f56bfc062723c751e8b465ee728b)
Start importing Assets/Resources/Item.prefab using Guid(d810a36def7f183468afb97b9ce0e679) Importer(815301076,1909f56bfc062723c751e8b465ee728b)  -> (artifact id: '12b706b43d997713b0671c8e59401da9') in 0.095381 seconds 
  Import took 0.102473 seconds .

========================================================================
Received Import Request.
  Time since last request: 0.000365 seconds.
  path: Assets/2D Pixel RPG Icon Pack/Icons/EtcItem/etcitem_006.png
  artifactKey: Guid(fbc52762e91484b7386f83fa1b03cc37) Importer(815301076,1909f56bfc062723c751e8b465ee728b)
Start importing Assets/2D Pixel RPG Icon Pack/Icons/EtcItem/etcitem_006.png using Guid(fbc52762e91484b7386f83fa1b03cc37) Importer(815301076,1909f56bfc062723c751e8b465ee728b)  -> (artifact id: '7b81e2341618a454bd2031d098d73857') in 0.057376 seconds 
  Import took 0.063728 seconds .

========================================================================
Received Import Request.
  Time since last request: 0.000368 seconds.
  path: Assets/Sound/Main/ItemTake.wav
  artifactKey: Guid(6787116c203490e439f90464b5455152) Importer(815301076,1909f56bfc062723c751e8b465ee728b)
Start importing Assets/Sound/Main/ItemTake.wav using Guid(6787116c203490e439f90464b5455152) Importer(815301076,1909f56bfc062723c751e8b465ee728b)  -> (artifact id: '5347a77784a7c8e44b45ae1a3980c370') in 0.253236 seconds 
  Import took 0.258928 seconds .

========================================================================
Received Import Request.
  Time since last request: 0.000375 seconds.
  path: Assets/Prefab/ItemUse.prefab
  artifactKey: Guid(f8f25fd43716d9342a17d5a217e3189e) Importer(815301076,1909f56bfc062723c751e8b465ee728b)
Start importing Assets/Prefab/ItemUse.prefab using Guid(f8f25fd43716d9342a17d5a217e3189e) Importer(815301076,1909f56bfc062723c751e8b465ee728b)  -> (artifact id: '10ec6453c20abfa5c012e2a801161dcf') in 0.028659 seconds 
  Import took 0.033342 seconds .

========================================================================
Received Import Request.
  Time since last request: 0.000442 seconds.
  path: Assets/sprite/elite/Elite-Attack-Sheet.png
  artifactKey: Guid(9128415743d00284a8bd1bdc199e08c3) Importer(815301076,1909f56bfc062723c751e8b465ee728b)
Start importing Assets/sprite/elite/Elite-Attack-Sheet.png using Guid(9128415743d00284a8bd1bdc199e08c3) Importer(815301076,1909f56bfc062723c751e8b465ee728b)  -> (artifact id: '1bbc2b600e29243cd83d1b0a3c7922d2') in 0.038859 seconds 
  Import took 0.045368 seconds .

========================================================================
Received Import Request.
  Time since last request: 0.000851 seconds.
  path: Assets/2D Pixel RPG Icon Pack/Icons/EtcItem/etcitem_010.png
  artifactKey: Guid(90750d1b0399c4ac1b5e2e47c69288f0) Importer(815301076,1909f56bfc062723c751e8b465ee728b)
Start importing Assets/2D Pixel RPG Icon Pack/Icons/EtcItem/etcitem_010.png using Guid(90750d1b0399c4ac1b5e2e47c69288f0) Importer(815301076,1909f56bfc062723c751e8b465ee728b)  -> (artifact id: 'b61b62e89c5b0c5161215678ec52c13b') in 0.040167 seconds 
  Import took 0.045706 seconds .

========================================================================
Received Import Request.
  Time since last request: 0.000348 seconds.
  path: Assets/sprite/Bee/Bee-Sheet-hit.png
  artifactKey: Guid(e1a3e842a885a8343b1e653c28ab2197) Importer(815301076,1909f56bfc062723c751e8b465ee728b)
Start importing Assets/sprite/Bee/Bee-Sheet-hit.png using Guid(e1a3e842a885a8343b1e653c28ab2197) Importer(815301076,1909f56bfc062723c751e8b465ee728b)  -> (artifact id: 'c449078846075c767457714e39575e24') in 0.046059 seconds 
  Import took 0.053531 seconds .

========================================================================
Received Import Request.
  Time since last request: 0.000351 seconds.
  path: Assets/Resources/Item_Trush.prefab
  artifactKey: Guid(31634d17f18845c42a21460e41405a2a) Importer(815301076,1909f56bfc062723c751e8b465ee728b)
Start importing Assets/Resources/Item_Trush.prefab using Guid(31634d17f18845c42a21460e41405a2a) Importer(815301076,1909f56bfc062723c751e8b465ee728b)  -> (artifact id: '255f4e99f7f94182b9a68a974aa023ed') in 0.019852 seconds 
  Import took 0.027313 seconds .

========================================================================
Received Import Request.
  Time since last request: 0.000398 seconds.
  path: Assets/Sound/SFX/0519SFX/dropItem.wav
  artifactKey: Guid(74f8796b2a39e3a4ca2a2e34de82e927) Importer(815301076,1909f56bfc062723c751e8b465ee728b)
Start importing Assets/Sound/SFX/0519SFX/dropItem.wav using Guid(74f8796b2a39e3a4ca2a2e34de82e927) Importer(815301076,1909f56bfc062723c751e8b465ee728b)  -> (artifact id: 'bec509ef1404c88265fde1ff9e827972') in 0.039561 seconds 
  Import took 0.045810 seconds .

========================================================================
Received Import Request.
  Time since last request: 0.000312 seconds.
  path: Assets/2D Pixel RPG Icon Pack/Icons/EtcItem/etcitem_001.png
  artifactKey: Guid(2528138c187144a79a8be9a911c5b4c2) Importer(815301076,1909f56bfc062723c751e8b465ee728b)
Start importing Assets/2D Pixel RPG Icon Pack/Icons/EtcItem/etcitem_001.png using Guid(2528138c187144a79a8be9a911c5b4c2) Importer(815301076,1909f56bfc062723c751e8b465ee728b)  -> (artifact id: '916af922adfac914618732130daaa67c') in 0.038662 seconds 
  Import took 0.044283 seconds .

========================================================================
Received Import Request.
  Time since last request: 0.000304 seconds.
  path: Assets/Prefab/Itemsprite.prefab
  artifactKey: Guid(150ae852543a50840b299cb57ca5f06a) Importer(815301076,1909f56bfc062723c751e8b465ee728b)
Start importing Assets/Prefab/Itemsprite.prefab using Guid(150ae852543a50840b299cb57ca5f06a) Importer(815301076,1909f56bfc062723c751e8b465ee728b)  -> (artifact id: '54958d087f301e77cc48c6b65753a4b9') in 0.015518 seconds 
  Import took 0.020228 seconds .

========================================================================
Received Import Request.
  Time since last request: 0.000321 seconds.
  path: Assets/2D Pixel RPG Icon Pack/Icons/EtcItem/etcitem_009.png
  artifactKey: Guid(526b8356a614f442694b8a3288c4494f) Importer(815301076,1909f56bfc062723c751e8b465ee728b)
Start importing Assets/2D Pixel RPG Icon Pack/Icons/EtcItem/etcitem_009.png using Guid(526b8356a614f442694b8a3288c4494f) Importer(815301076,1909f56bfc062723c751e8b465ee728b)  -> (artifact id: '9b67ac0fed1f439a57e378c35b4b10cb') in 0.042448 seconds 
  Import took 0.047717 seconds .

========================================================================
Received Import Request.
  Time since last request: 0.000256 seconds.
  path: Assets/2D Pixel RPG Icon Pack/Icons/EtcItem/etcitem_004.png
  artifactKey: Guid(17873bf1185f24b99aee714bc5d69385) Importer(815301076,1909f56bfc062723c751e8b465ee728b)
Start importing Assets/2D Pixel RPG Icon Pack/Icons/EtcItem/etcitem_004.png using Guid(17873bf1185f24b99aee714bc5d69385) Importer(815301076,1909f56bfc062723c751e8b465ee728b)  -> (artifact id: '5fde99d8d7b7b553ee664a7b8d2d2edd') in 0.055430 seconds 
  Import took 0.061148 seconds .

========================================================================
Received Import Request.
  Time since last request: 0.000317 seconds.
  path: Assets/2D Pixel RPG Icon Pack/Icons/EtcItem/etcitem_012.png
  artifactKey: Guid(2d0d03f0305164a8bac096de500d1988) Importer(815301076,1909f56bfc062723c751e8b465ee728b)
Start importing Assets/2D Pixel RPG Icon Pack/Icons/EtcItem/etcitem_012.png using Guid(2d0d03f0305164a8bac096de500d1988) Importer(815301076,1909f56bfc062723c751e8b465ee728b)  -> (artifact id: '61522f1cdb7debf2a7b3711c59ed94a5') in 0.047846 seconds 
  Import took 0.073019 seconds .

========================================================================
Received Import Request.
  Time since last request: 0.000308 seconds.
  path: Assets/sprite/elite/Elite-Running-Sheet.png
  artifactKey: Guid(1e3a6de4538a04149a6873f8337a39dc) Importer(815301076,1909f56bfc062723c751e8b465ee728b)
Start importing Assets/sprite/elite/Elite-Running-Sheet.png using Guid(1e3a6de4538a04149a6873f8337a39dc) Importer(815301076,1909f56bfc062723c751e8b465ee728b)  -> (artifact id: '21765f0da59cfaec96b5c7c5bbf56423') in 0.032317 seconds 
  Import took 0.037225 seconds .

========================================================================
Received Import Request.
  Time since last request: 0.000250 seconds.
  path: Assets/DamageNumbersPro/Editor/Resources/DNP/Behaviour/Basic Velocity.asset
  artifactKey: Guid(31d71aeff542d874ab8520a6c3a87b6d) Importer(815301076,1909f56bfc062723c751e8b465ee728b)
Start importing Assets/DamageNumbersPro/Editor/Resources/DNP/Behaviour/Basic Velocity.asset using Guid(31d71aeff542d874ab8520a6c3a87b6d) Importer(815301076,1909f56bfc062723c751e8b465ee728b)  -> (artifact id: '9fe636aa686fc825ea54e7c33369b2d5') in 0.024782 seconds 
  Import took 0.032919 seconds .

========================================================================
Received Import Request.
  Time since last request: 0.000448 seconds.
  path: Assets/2D Pixel RPG Icon Pack/Icons/EtcItem/etcitem_002.png
  artifactKey: Guid(cf14348065f68423c85f68115d4326da) Importer(815301076,1909f56bfc062723c751e8b465ee728b)
Start importing Assets/2D Pixel RPG Icon Pack/Icons/EtcItem/etcitem_002.png using Guid(cf14348065f68423c85f68115d4326da) Importer(815301076,1909f56bfc062723c751e8b465ee728b)  -> (artifact id: 'a4b52ba036ef066813e910afe1bbc0ec') in 0.046053 seconds 
  Import took 0.054698 seconds .

========================================================================
Received Import Request.
  Time since last request: 0.001234 seconds.
  path: Assets/2D Pixel RPG Icon Pack/Icons/EtcItem/etcitem_011.png
  artifactKey: Guid(856accd70b4bf41238a5f6a6e892447c) Importer(815301076,1909f56bfc062723c751e8b465ee728b)
Start importing Assets/2D Pixel RPG Icon Pack/Icons/EtcItem/etcitem_011.png using Guid(856accd70b4bf41238a5f6a6e892447c) Importer(815301076,1909f56bfc062723c751e8b465ee728b)  -> (artifact id: 'f3fb0d655a75686832b10b9872e61123') in 0.048020 seconds 
  Import took 0.053884 seconds .

========================================================================
Received Import Request.
  Time since last request: 0.000392 seconds.
  path: Assets/Resources/Ability.png
  artifactKey: Guid(0ce159b956489cb4ca23c649a54cb1c5) Importer(815301076,1909f56bfc062723c751e8b465ee728b)
Start importing Assets/Resources/Ability.png using Guid(0ce159b956489cb4ca23c649a54cb1c5) Importer(815301076,1909f56bfc062723c751e8b465ee728b)  -> (artifact id: 'b8c64334d86b94870c068fb102d8ad91') in 0.016082 seconds 
  Import took 0.021487 seconds .

========================================================================
Received Import Request.
  Time since last request: 0.000367 seconds.
  path: Assets/2D Pixel RPG Icon Pack/Icons/EtcItem/etcitem_005.png
  artifactKey: Guid(10d8a6a4089bb4357a4e0ee529b04094) Importer(815301076,1909f56bfc062723c751e8b465ee728b)
Start importing Assets/2D Pixel RPG Icon Pack/Icons/EtcItem/etcitem_005.png using Guid(10d8a6a4089bb4357a4e0ee529b04094) Importer(815301076,1909f56bfc062723c751e8b465ee728b)  -> (artifact id: '6c90d30baab3052a4a5d3650f28d190b') in 0.050022 seconds 
  Import took 0.058630 seconds .

========================================================================
Received Import Request.
  Time since last request: 0.000339 seconds.
  path: Assets/Script/new_shop/consumable_item.prefab
  artifactKey: Guid(3061339564fc6394fa4d566e0e365823) Importer(815301076,1909f56bfc062723c751e8b465ee728b)
Start importing Assets/Script/new_shop/consumable_item.prefab using Guid(3061339564fc6394fa4d566e0e365823) Importer(815301076,1909f56bfc062723c751e8b465ee728b)  -> (artifact id: '2a54c7979cdf34df2033f73f7831009e') in 0.031650 seconds 
  Import took 0.037845 seconds .

========================================================================
Received Import Request.
  Time since last request: 0.000262 seconds.
  path: Assets/2D Pixel RPG Icon Pack/Icons/EtcItem/etcitem_008.png
  artifactKey: Guid(ddd40c182aa6143febcd06b48c78458c) Importer(815301076,1909f56bfc062723c751e8b465ee728b)
Start importing Assets/2D Pixel RPG Icon Pack/Icons/EtcItem/etcitem_008.png using Guid(ddd40c182aa6143febcd06b48c78458c) Importer(815301076,1909f56bfc062723c751e8b465ee728b)  -> (artifact id: 'cb6a7fd5ce2812f39c067390eea8c001') in 0.024705 seconds 
  Import took 0.030272 seconds .

========================================================================
Received Import Request.
  Time since last request: 0.000305 seconds.
  path: Assets/2D Pixel RPG Icon Pack/Icons/EtcItem/etcitem_003.png
  artifactKey: Guid(dca7da0ad76a94be1ab320326550529a) Importer(815301076,1909f56bfc062723c751e8b465ee728b)
Start importing Assets/2D Pixel RPG Icon Pack/Icons/EtcItem/etcitem_003.png using Guid(dca7da0ad76a94be1ab320326550529a) Importer(815301076,1909f56bfc062723c751e8b465ee728b)  -> (artifact id: 'b2caf5ef46827a28adab95722f4a4560') in 0.044866 seconds 
  Import took 0.051458 seconds .

========================================================================
Received Import Request.
  Time since last request: 2.124826 seconds.
  path: Assets/Script/new_shop/shop_item.prefab
  artifactKey: Guid(502bf69140609594cb35f9b176c10a9d) Importer(815301076,1909f56bfc062723c751e8b465ee728b)
Start importing Assets/Script/new_shop/shop_item.prefab using Guid(502bf69140609594cb35f9b176c10a9d) Importer(815301076,1909f56bfc062723c751e8b465ee728b)  -> (artifact id: 'f12dc3a050e00f0bcd75347bc9f99244') in 0.076324 seconds 
  Import took 0.082438 seconds .

========================================================================
Received Import Request.
  Time since last request: 0.000374 seconds.
  path: Assets/Prefab/Sp_Item_Frame.prefab
  artifactKey: Guid(193a6603672e9de48bdd8cd601b0709f) Importer(815301076,1909f56bfc062723c751e8b465ee728b)
Start importing Assets/Prefab/Sp_Item_Frame.prefab using Guid(193a6603672e9de48bdd8cd601b0709f) Importer(815301076,1909f56bfc062723c751e8b465ee728b)  -> (artifact id: '344004d7f941bce3c00bef6788f3930d') in 0.057848 seconds 
  Import took 0.065660 seconds .

========================================================================
Received Import Request.
  Time since last request: 0.000917 seconds.
  path: Assets/Script/new_shop/shop_item.prefab
  artifactKey: Guid(502bf69140609594cb35f9b176c10a9d) Importer(815301076,1909f56bfc062723c751e8b465ee728b)
Start importing Assets/Script/new_shop/shop_item.prefab using Guid(502bf69140609594cb35f9b176c10a9d) Importer(815301076,1909f56bfc062723c751e8b465ee728b)  -> (artifact id: 'f12dc3a050e00f0bcd75347bc9f99244') in 0.010143 seconds 
  Import took 0.018129 seconds .

========================================================================
Received Import Request.
  Time since last request: 0.001396 seconds.
  path: Assets/Sound/SFX/0519SFX/takeItem.wav
  artifactKey: Guid(c06572eb840399b49b5730de435cfb2b) Importer(815301076,1909f56bfc062723c751e8b465ee728b)
Start importing Assets/Sound/SFX/0519SFX/takeItem.wav using Guid(c06572eb840399b49b5730de435cfb2b) Importer(815301076,1909f56bfc062723c751e8b465ee728b)  -> (artifact id: '4960d6792c6200d71e06c06a64666ee0') in 0.032002 seconds 
  Import took 0.038553 seconds .

========================================================================
Received Import Request.
  Time since last request: 8.056890 seconds.
  path: Assets/Script/yl/UI/Sp/Sp_Item_Button.cs
  artifactKey: Guid(cad32c51d912ca144a18ef9319c270bc) Importer(815301076,1909f56bfc062723c751e8b465ee728b)
Start importing Assets/Script/yl/UI/Sp/Sp_Item_Button.cs using Guid(cad32c51d912ca144a18ef9319c270bc) Importer(815301076,1909f56bfc062723c751e8b465ee728b)  -> (artifact id: 'a010365fcf35f869ee99f078a67d8e10') in 0.014420 seconds 
  Import took 0.019626 seconds .

========================================================================
Received Prepare
Registering precompiled user dll's ...
Registered in 0.166448 seconds.
Begin MonoManager ReloadAssembly
Native extension for WindowsStandalone target not found
Refreshing native plugins compatible for Editor in 0.96 ms, found 3 plugins.
Preloading 0 native plugins for Editor in 0.00 ms.
Mono: successfully reloaded assembly
- Completed reload, in  1.453 seconds
Domain Reload Profiling:
	ReloadAssembly (1454ms)
		BeginReloadAssembly (194ms)
			ExecutionOrderSort (0ms)
			DisableScriptedObjects (10ms)
			BackupInstance (0ms)
			ReleaseScriptingObjects (0ms)
			CreateAndSetChildDomain (52ms)
		EndReloadAssembly (1181ms)
			LoadAssemblies (169ms)
			RebuildTransferFunctionScriptingTraits (0ms)
			SetupTypeCache (393ms)
			ReleaseScriptCaches (1ms)
			RebuildScriptCaches (57ms)
			SetupLoadedEditorAssemblies (472ms)
				LogAssemblyErrors (0ms)
				InitializePlatformSupportModulesInManaged (6ms)
				SetLoadedEditorAssemblies (0ms)
				RefreshPlugins (1ms)
				BeforeProcessingInitializeOnLoad (99ms)
				ProcessInitializeOnLoadAttributes (354ms)
				ProcessInitializeOnLoadMethodAttributes (9ms)
				AfterProcessingInitializeOnLoad (2ms)
				EditorAssembliesLoaded (0ms)
			ExecutionOrderSort2 (0ms)
			AwakeInstancesAfterBackupRestoration (11ms)
Platform modules already initialized, skipping
Refreshing native plugins compatible for Editor in 1.62 ms, found 3 plugins.
Preloading 0 native plugins for Editor in 0.00 ms.
Unloading 2610 Unused Serialized files (Serialized files now loaded: 0)
System memory in use before: 114.5 MB.
System memory in use after: 114.7 MB.

Unloading 17 unused Assets to reduce memory usage. Loaded Objects now: 3099.
Total: 5.010900 ms (FindLiveObjects: 0.348800 ms CreateObjectMapping: 0.134700 ms MarkObjects: 4.406700 ms  DeleteObjects: 0.118000 ms)

AssetImportParameters requested are different than current active one (requested -> active):
  custom:framework-win-MediaFoundation: 216162199b28c13a410421893ffa2e32 -> 
  custom:video-decoder-ogg-theora: a1e56fd34408186e4bbccfd4996cb3dc -> 
  custom:container-muxer-webm: aa71ff27fc2769a1b78a27578f13a17b -> 
  custom:container-demuxer-webm: 4f35f7cbe854078d1ac9338744f61a02 -> 
  custom:container-demuxer-ogg: 62fdf1f143b41e24485cea50d1cbac27 -> 
  custom:video-encoder-webm-vp8: eb34c28f22e8b96e1ab97ce403110664 -> 
  custom:video-decoder-webm-vp8: 9c59270c3fd7afecdb556c50c9e8de78 -> 
  custom:audio-decoder-ogg-vorbis: bf7c407c2cedff20999df2af8eb42d56 -> 
  custom:audio-encoder-webm-vorbis: bf7c407c2cedff20999df2af8eb42d56 -> 
AssetImportWorkerClient::OnTransportError - code=2 error=End of file
