Using pre-set license
Built from '2020.3/staging' branch; Version is '2020.3.17f1 (a4537701e4ab) revision 10769271'; Using compiler version '192528614'; Build Type 'Release'
OS: 'Windows 10 Home; OS build 22000.795; Version 2009; 64bit' Language: 'ko' Physical Memory: 8101 MB
BatchMode: 1, IsHumanControllingUs: 0, StartBugReporterOnCrash: 0, Is64bit: 1, IsPro: 0

COMMAND LINE ARGUMENTS:
D:\unity\Editor\Unity.exe
-adb2
-batchMode
-noUpm
-name
AssetImportWorker0
-projectPath
D:/project/Github/my_portpolio/school project/hill of the king
-logFile
Logs/AssetImportWorker0.log
-srvPort
50565
Successfully changed project path to: D:/project/Github/my_portpolio/school project/hill of the king
D:/project/Github/my_portpolio/school project/hill of the king
Using Asset Import Pipeline V2.
Refreshing native plugins compatible for Editor in 61.70 ms, found 2 plugins.
Preloading 0 native plugins for Editor in 0.00 ms.
Initialize engine version: 2020.3.17f1 (a4537701e4ab)
[Subsystems] Discovering subsystems at path D:/unity/Editor/Data/Resources/UnitySubsystems
[Subsystems] Discovering subsystems at path D:/project/Github/my_portpolio/school project/hill of the king/Assets
GfxDevice: creating device client; threaded=0
Direct3D:
    Version:  Direct3D 11.0 [level 11.1]
    Renderer: NVIDIA GeForce GTX 1050 (ID=0x1c8d)
    Vendor:   
    VRAM:     4021 MB
    Driver:   30.0.14.9649
Initialize mono
Mono path[0] = 'D:/unity/Editor/Data/Managed'
Mono path[1] = 'D:/unity/Editor/Data/MonoBleedingEdge/lib/mono/unityjit'
Mono config path = 'D:/unity/Editor/Data/MonoBleedingEdge/etc'
Using monoOptions --debugger-agent=transport=dt_socket,embedding=1,server=y,suspend=n,address=127.0.0.1:56752
Begin MonoManager ReloadAssembly
Registering precompiled unity dll's ...
Register platform support module: D:/unity/Editor/Data/PlaybackEngines/WindowsStandaloneSupport/UnityEditor.WindowsStandalone.Extensions.dll
Registered in 0.001172 seconds.
Native extension for WindowsStandalone target not found
Refreshing native plugins compatible for Editor in 54.54 ms, found 2 plugins.
Preloading 0 native plugins for Editor in 0.00 ms.
Mono: successfully reloaded assembly
- Completed reload, in  3.365 seconds
Domain Reload Profiling:
	ReloadAssembly (3366ms)
		BeginReloadAssembly (87ms)
			ExecutionOrderSort (0ms)
			DisableScriptedObjects (0ms)
			BackupInstance (0ms)
			ReleaseScriptingObjects (0ms)
			CreateAndSetChildDomain (1ms)
		EndReloadAssembly (601ms)
			LoadAssemblies (87ms)
			RebuildTransferFunctionScriptingTraits (0ms)
			SetupTypeCache (214ms)
			ReleaseScriptCaches (0ms)
			RebuildScriptCaches (40ms)
			SetupLoadedEditorAssemblies (253ms)
				LogAssemblyErrors (0ms)
				InitializePlatformSupportModulesInManaged (4ms)
				SetLoadedEditorAssemblies (0ms)
				RefreshPlugins (55ms)
				BeforeProcessingInitializeOnLoad (27ms)
				ProcessInitializeOnLoadAttributes (128ms)
				ProcessInitializeOnLoadMethodAttributes (39ms)
				AfterProcessingInitializeOnLoad (0ms)
				EditorAssembliesLoaded (0ms)
			ExecutionOrderSort2 (0ms)
			AwakeInstancesAfterBackupRestoration (0ms)
Platform modules already initialized, skipping
Registering precompiled user dll's ...
Registered in 0.009408 seconds.
Begin MonoManager ReloadAssembly
Native extension for WindowsStandalone target not found
Refreshing native plugins compatible for Editor in 0.91 ms, found 2 plugins.
Preloading 0 native plugins for Editor in 0.00 ms.
Mono: successfully reloaded assembly
- Completed reload, in  1.432 seconds
Domain Reload Profiling:
	ReloadAssembly (1434ms)
		BeginReloadAssembly (210ms)
			ExecutionOrderSort (0ms)
			DisableScriptedObjects (5ms)
			BackupInstance (0ms)
			ReleaseScriptingObjects (0ms)
			CreateAndSetChildDomain (24ms)
		EndReloadAssembly (1157ms)
			LoadAssemblies (170ms)
			RebuildTransferFunctionScriptingTraits (0ms)
			SetupTypeCache (350ms)
			ReleaseScriptCaches (1ms)
			RebuildScriptCaches (54ms)
			SetupLoadedEditorAssemblies (520ms)
				LogAssemblyErrors (0ms)
				InitializePlatformSupportModulesInManaged (5ms)
				SetLoadedEditorAssemblies (1ms)
				RefreshPlugins (1ms)
				BeforeProcessingInitializeOnLoad (100ms)
				ProcessInitializeOnLoadAttributes (369ms)
				ProcessInitializeOnLoadMethodAttributes (43ms)
				AfterProcessingInitializeOnLoad (2ms)
				EditorAssembliesLoaded (0ms)
			ExecutionOrderSort2 (0ms)
			AwakeInstancesAfterBackupRestoration (8ms)
Platform modules already initialized, skipping
========================================================================
Worker process is ready to serve import requests
Launched and connected shader compiler UnityShaderCompiler.exe after 0.06 seconds
Refreshing native plugins compatible for Editor in 0.71 ms, found 2 plugins.
Preloading 0 native plugins for Editor in 0.00 ms.
Unloading 2087 Unused Serialized files (Serialized files now loaded: 0)
System memory in use before: 84.7 MB.
System memory in use after: 84.8 MB.

Unloading 62 unused Assets to reduce memory usage. Loaded Objects now: 2487.
Total: 7.656400 ms (FindLiveObjects: 0.410000 ms CreateObjectMapping: 0.201100 ms MarkObjects: 6.956700 ms  DeleteObjects: 0.087400 ms)

AssetImportParameters requested are different than current active one (requested -> active):
  custom:framework-win-MediaFoundation: 216162199b28c13a410421893ffa2e32 -> 
  custom:video-decoder-ogg-theora: a1e56fd34408186e4bbccfd4996cb3dc -> 
  custom:container-muxer-webm: aa71ff27fc2769a1b78a27578f13a17b -> 
  custom:container-demuxer-webm: 4f35f7cbe854078d1ac9338744f61a02 -> 
  custom:container-demuxer-ogg: 62fdf1f143b41e24485cea50d1cbac27 -> 
  custom:video-encoder-webm-vp8: eb34c28f22e8b96e1ab97ce403110664 -> 
  custom:video-decoder-webm-vp8: 9c59270c3fd7afecdb556c50c9e8de78 -> 
  custom:audio-decoder-ogg-vorbis: bf7c407c2cedff20999df2af8eb42d56 -> 
  custom:audio-encoder-webm-vorbis: bf7c407c2cedff20999df2af8eb42d56 -> 
========================================================================
Received Import Request.
  path: Assets/GUN_FIRE-GoodSoundForYou-820112263.mp3
  artifactKey: Guid(23fb007b49b1c6a4ea9ca174d7338dab) Importer(815301076,1909f56bfc062723c751e8b465ee728b)
Start importing Assets/GUN_FIRE-GoodSoundForYou-820112263.mp3 using Guid(23fb007b49b1c6a4ea9ca174d7338dab) Importer(815301076,1909f56bfc062723c751e8b465ee728b)  -> (artifact id: '8063dd0dfb71ed3e6924a811599a6aa7') in 0.206167 seconds 
  Import took 0.210341 seconds .

========================================================================
Received Import Request.
  Time since last request: 0.000797 seconds.
  path: Assets/New Material.mat
  artifactKey: Guid(99fa6126c9fb1044386d2bfc61cf7a09) Importer(815301076,1909f56bfc062723c751e8b465ee728b)
Start importing Assets/New Material.mat using Guid(99fa6126c9fb1044386d2bfc61cf7a09) Importer(815301076,1909f56bfc062723c751e8b465ee728b)  -> (artifact id: '0d9a926ad25a1b357774e03bfda9f317') in 0.636643 seconds 
  Import took 0.640012 seconds .

========================================================================
Received Import Request.
  Time since last request: 0.000336 seconds.
  path: Assets/zapsplat_multimedia_button_press_plastic_click_001_36868.mp3
  artifactKey: Guid(6ba42ca193c8d484fb723918615aef43) Importer(815301076,1909f56bfc062723c751e8b465ee728b)
Start importing Assets/zapsplat_multimedia_button_press_plastic_click_001_36868.mp3 using Guid(6ba42ca193c8d484fb723918615aef43) Importer(815301076,1909f56bfc062723c751e8b465ee728b)  -> (artifact id: 'c97cdaa693f0f6ead5e77b5e3a8bbfba') in 0.015677 seconds 
  Import took 0.019459 seconds .

========================================================================
Received Import Request.
  Time since last request: 4.109942 seconds.
  path: Assets/Scenes
  artifactKey: Guid(3357e3d147c413b46a32a56a058d2617) Importer(815301076,1909f56bfc062723c751e8b465ee728b)
Start importing Assets/Scenes using Guid(3357e3d147c413b46a32a56a058d2617) Importer(815301076,1909f56bfc062723c751e8b465ee728b)  -> (artifact id: '2f9b00dd2cbc3817dac8719d3dc778bd') in 0.005622 seconds 
  Import took 0.009230 seconds .

========================================================================
Received Import Request.
  Time since last request: 0.055282 seconds.
  path: Assets/Scenes
  artifactKey: Guid(3357e3d147c413b46a32a56a058d2617) Importer(815301076,1909f56bfc062723c751e8b465ee728b)
Start importing Assets/Scenes using Guid(3357e3d147c413b46a32a56a058d2617) Importer(815301076,1909f56bfc062723c751e8b465ee728b)  -> (artifact id: '2f9b00dd2cbc3817dac8719d3dc778bd') in 0.002676 seconds 
  Import took 0.006551 seconds .

========================================================================
Received Import Request.
  Time since last request: 1.953317 seconds.
  path: Assets/Scenes/gamescene.unity
  artifactKey: Guid(13bfe887b74e7324aaba6bb80bae3bb3) Importer(815301076,1909f56bfc062723c751e8b465ee728b)
Start importing Assets/Scenes/gamescene.unity using Guid(13bfe887b74e7324aaba6bb80bae3bb3) Importer(815301076,1909f56bfc062723c751e8b465ee728b)  -> (artifact id: 'fa5c7e99d96fda667b3c4b1f5c45845f') in 0.006972 seconds 
  Import took 0.011524 seconds .

========================================================================
Received Import Request.
  Time since last request: 4.218286 seconds.
  path: Assets/Scenes/New Scene.unity
  artifactKey: Guid(e00fd307c8ce08d4da51f3e2d6b46246) Importer(815301076,1909f56bfc062723c751e8b465ee728b)
Start importing Assets/Scenes/New Scene.unity using Guid(e00fd307c8ce08d4da51f3e2d6b46246) Importer(815301076,1909f56bfc062723c751e8b465ee728b)  -> (artifact id: '7e29cdd29fca4720bb87e0ba422db197') in 0.007503 seconds 
  Import took 0.011495 seconds .

========================================================================
Received Import Request.
  Time since last request: 2.897003 seconds.
  path: Assets/Scenes/SampleScene.unity
  artifactKey: Guid(9fb1d19d52b276b4d9fc16ce1595c751) Importer(815301076,1909f56bfc062723c751e8b465ee728b)
Start importing Assets/Scenes/SampleScene.unity using Guid(9fb1d19d52b276b4d9fc16ce1595c751) Importer(815301076,1909f56bfc062723c751e8b465ee728b)  -> (artifact id: '029f8059e98411c2a93f8b0552943d44') in 0.010902 seconds 
  Import took 0.016489 seconds .

========================================================================
Received Import Request.
  Time since last request: 0.000442 seconds.
  path: Assets/Scenes/SampleScene.unity
  artifactKey: Guid(9fb1d19d52b276b4d9fc16ce1595c751) Importer(815301076,1909f56bfc062723c751e8b465ee728b)
Start importing Assets/Scenes/SampleScene.unity using Guid(9fb1d19d52b276b4d9fc16ce1595c751) Importer(815301076,1909f56bfc062723c751e8b465ee728b)  -> (artifact id: '029f8059e98411c2a93f8b0552943d44') in 0.004213 seconds 
  Import took 0.008171 seconds .

========================================================================
Received Import Request.
  Time since last request: 32649.305496 seconds.
  path: Assets/Photon Unity Networking/PhotonCloud-icon.png
  artifactKey: Guid(8425b95fef16c3f4194e3a20e245cb67) Importer(815301076,1909f56bfc062723c751e8b465ee728b)
Start importing Assets/Photon Unity Networking/PhotonCloud-icon.png using Guid(8425b95fef16c3f4194e3a20e245cb67) Importer(815301076,1909f56bfc062723c751e8b465ee728b)  -> (artifact id: '74dfb02bc8535e3791e8abc83e34cc87') in 0.211522 seconds 
  Import took 0.216090 seconds .

========================================================================
Received Import Request.
  Time since last request: 0.000321 seconds.
  path: Assets/Photon Unity Networking/PunIcon-White-128.png
  artifactKey: Guid(e1e27211415083e41bd38b51da93f58b) Importer(815301076,1909f56bfc062723c751e8b465ee728b)
Start importing Assets/Photon Unity Networking/PunIcon-White-128.png using Guid(e1e27211415083e41bd38b51da93f58b) Importer(815301076,1909f56bfc062723c751e8b465ee728b)  -> (artifact id: '2e66556538cc57fe0e30463d212bbf15') in 0.071025 seconds 
  Import took 0.122704 seconds .

========================================================================
Received Import Request.
  Time since last request: 8.632871 seconds.
  path: Assets/Scripts/boardmanager.cs
  artifactKey: Guid(ef75b6d1d0b0a7240b6cdf0cf9456392) Importer(815301076,1909f56bfc062723c751e8b465ee728b)
Start importing Assets/Scripts/boardmanager.cs using Guid(ef75b6d1d0b0a7240b6cdf0cf9456392) Importer(815301076,1909f56bfc062723c751e8b465ee728b)  -> (artifact id: '8b7ce9d33980c454fd57623212175954') in 0.016395 seconds 
  Import took 0.020690 seconds .

========================================================================
Received Import Request.
  Time since last request: 0.014747 seconds.
  path: Assets/Scripts/boardmanager.cs
  artifactKey: Guid(ef75b6d1d0b0a7240b6cdf0cf9456392) Importer(815301076,1909f56bfc062723c751e8b465ee728b)
Start importing Assets/Scripts/boardmanager.cs using Guid(ef75b6d1d0b0a7240b6cdf0cf9456392) Importer(815301076,1909f56bfc062723c751e8b465ee728b)  -> (artifact id: '8b7ce9d33980c454fd57623212175954') in 0.002012 seconds 
  Import took 0.005813 seconds .

========================================================================
Received Prepare
Registering precompiled user dll's ...
Registered in 0.334568 seconds.
Begin MonoManager ReloadAssembly
Native extension for WindowsStandalone target not found
Refreshing native plugins compatible for Editor in 0.77 ms, found 2 plugins.
Preloading 0 native plugins for Editor in 0.00 ms.
Mono: successfully reloaded assembly
- Completed reload, in  1.381 seconds
Domain Reload Profiling:
	ReloadAssembly (1381ms)
		BeginReloadAssembly (160ms)
			ExecutionOrderSort (0ms)
			DisableScriptedObjects (7ms)
			BackupInstance (0ms)
			ReleaseScriptingObjects (0ms)
			CreateAndSetChildDomain (43ms)
		EndReloadAssembly (1155ms)
			LoadAssemblies (138ms)
			RebuildTransferFunctionScriptingTraits (0ms)
			SetupTypeCache (340ms)
			ReleaseScriptCaches (1ms)
			RebuildScriptCaches (54ms)
			SetupLoadedEditorAssemblies (532ms)
				LogAssemblyErrors (0ms)
				InitializePlatformSupportModulesInManaged (6ms)
				SetLoadedEditorAssemblies (1ms)
				RefreshPlugins (1ms)
				BeforeProcessingInitializeOnLoad (120ms)
				ProcessInitializeOnLoadAttributes (366ms)
				ProcessInitializeOnLoadMethodAttributes (37ms)
				AfterProcessingInitializeOnLoad (2ms)
				EditorAssembliesLoaded (0ms)
			ExecutionOrderSort2 (0ms)
			AwakeInstancesAfterBackupRestoration (10ms)
Platform modules already initialized, skipping
Refreshing native plugins compatible for Editor in 1.41 ms, found 2 plugins.
Preloading 0 native plugins for Editor in 0.00 ms.
Unloading 2081 Unused Serialized files (Serialized files now loaded: 0)
System memory in use before: 87.8 MB.
System memory in use after: 87.9 MB.

Unloading 53 unused Assets to reduce memory usage. Loaded Objects now: 2532.
Total: 7.761500 ms (FindLiveObjects: 0.247900 ms CreateObjectMapping: 0.088400 ms MarkObjects: 7.388600 ms  DeleteObjects: 0.035200 ms)

AssetImportParameters requested are different than current active one (requested -> active):
  custom:framework-win-MediaFoundation: 216162199b28c13a410421893ffa2e32 -> 
  custom:video-decoder-ogg-theora: a1e56fd34408186e4bbccfd4996cb3dc -> 
  custom:container-muxer-webm: aa71ff27fc2769a1b78a27578f13a17b -> 
  custom:container-demuxer-webm: 4f35f7cbe854078d1ac9338744f61a02 -> 
  custom:container-demuxer-ogg: 62fdf1f143b41e24485cea50d1cbac27 -> 
  custom:video-encoder-webm-vp8: eb34c28f22e8b96e1ab97ce403110664 -> 
  custom:video-decoder-webm-vp8: 9c59270c3fd7afecdb556c50c9e8de78 -> 
  custom:audio-decoder-ogg-vorbis: bf7c407c2cedff20999df2af8eb42d56 -> 
  custom:audio-encoder-webm-vorbis: bf7c407c2cedff20999df2af8eb42d56 -> 
AssetImportWorkerClient::OnTransportError - code=2 error=End of file
