Using pre-set license
Built from '2020.3/staging' branch; Version is '2020.3.17f1 (a4537701e4ab) revision 10769271'; Using compiler version '192528614'; Build Type 'Release'
OS: 'Windows 10 Home; OS build 22000.856; Version 2009; 64bit' Language: 'ko' Physical Memory: 8101 MB
BatchMode: 1, IsHumanControllingUs: 0, StartBugReporterOnCrash: 0, Is64bit: 1, IsPro: 0

COMMAND LINE ARGUMENTS:
D:\unity\Editor\Unity.exe
-adb2
-batchMode
-noUpm
-name
AssetImportWorker2
-projectPath
D:/project/Github/my_portpolio/sourcecode/necrosoul
-logFile
Logs/AssetImportWorker2.log
-srvPort
64546
Successfully changed project path to: D:/project/Github/my_portpolio/sourcecode/necrosoul
D:/project/Github/my_portpolio/sourcecode/necrosoul
Using Asset Import Pipeline V2.
Refreshing native plugins compatible for Editor in 104.44 ms, found 3 plugins.
Preloading 0 native plugins for Editor in 0.00 ms.
Initialize engine version: 2020.3.17f1 (a4537701e4ab)
[Subsystems] Discovering subsystems at path D:/unity/Editor/Data/Resources/UnitySubsystems
[Subsystems] Discovering subsystems at path D:/project/Github/my_portpolio/sourcecode/necrosoul/Assets
GfxDevice: creating device client; threaded=0
Direct3D:
    Version:  Direct3D 11.0 [level 11.1]
    Renderer: NVIDIA GeForce GTX 1050 (ID=0x1c8d)
    Vendor:   
    VRAM:     4021 MB
    Driver:   30.0.14.9649
Initialize mono
Mono path[0] = 'D:/unity/Editor/Data/Managed'
Mono path[1] = 'D:/unity/Editor/Data/MonoBleedingEdge/lib/mono/unityjit'
Mono config path = 'D:/unity/Editor/Data/MonoBleedingEdge/etc'
Using monoOptions --debugger-agent=transport=dt_socket,embedding=1,server=y,suspend=n,address=127.0.0.1:56980
Begin MonoManager ReloadAssembly
Registering precompiled unity dll's ...
Register platform support module: D:/unity/Editor/Data/PlaybackEngines/WindowsStandaloneSupport/UnityEditor.WindowsStandalone.Extensions.dll
Registered in 0.001184 seconds.
Native extension for WindowsStandalone target not found
Refreshing native plugins compatible for Editor in 99.14 ms, found 3 plugins.
Preloading 0 native plugins for Editor in 0.00 ms.
Mono: successfully reloaded assembly
- Completed reload, in  3.609 seconds
Domain Reload Profiling:
	ReloadAssembly (3609ms)
		BeginReloadAssembly (96ms)
			ExecutionOrderSort (0ms)
			DisableScriptedObjects (0ms)
			BackupInstance (0ms)
			ReleaseScriptingObjects (0ms)
			CreateAndSetChildDomain (1ms)
		EndReloadAssembly (538ms)
			LoadAssemblies (96ms)
			RebuildTransferFunctionScriptingTraits (0ms)
			SetupTypeCache (171ms)
			ReleaseScriptCaches (0ms)
			RebuildScriptCaches (36ms)
			SetupLoadedEditorAssemblies (245ms)
				LogAssemblyErrors (0ms)
				InitializePlatformSupportModulesInManaged (4ms)
				SetLoadedEditorAssemblies (1ms)
				RefreshPlugins (99ms)
				BeforeProcessingInitializeOnLoad (22ms)
				ProcessInitializeOnLoadAttributes (87ms)
				ProcessInitializeOnLoadMethodAttributes (32ms)
				AfterProcessingInitializeOnLoad (0ms)
				EditorAssembliesLoaded (0ms)
			ExecutionOrderSort2 (0ms)
			AwakeInstancesAfterBackupRestoration (0ms)
Platform modules already initialized, skipping
Registering precompiled user dll's ...
Registered in 0.005812 seconds.
Begin MonoManager ReloadAssembly
Native extension for WindowsStandalone target not found
Refreshing native plugins compatible for Editor in 97.81 ms, found 3 plugins.
Preloading 0 native plugins for Editor in 0.00 ms.
Mono: successfully reloaded assembly
- Completed reload, in  3.529 seconds
Domain Reload Profiling:
	ReloadAssembly (3530ms)
		BeginReloadAssembly (198ms)
			ExecutionOrderSort (0ms)
			DisableScriptedObjects (5ms)
			BackupInstance (0ms)
			ReleaseScriptingObjects (0ms)
			CreateAndSetChildDomain (22ms)
		EndReloadAssembly (3146ms)
			LoadAssemblies (2062ms)
			RebuildTransferFunctionScriptingTraits (0ms)
			SetupTypeCache (361ms)
			ReleaseScriptCaches (1ms)
			RebuildScriptCaches (67ms)
			SetupLoadedEditorAssemblies (552ms)
				LogAssemblyErrors (0ms)
				InitializePlatformSupportModulesInManaged (4ms)
				SetLoadedEditorAssemblies (1ms)
				RefreshPlugins (98ms)
				BeforeProcessingInitializeOnLoad (94ms)
				ProcessInitializeOnLoadAttributes (337ms)
				ProcessInitializeOnLoadMethodAttributes (17ms)
				AfterProcessingInitializeOnLoad (2ms)
				EditorAssembliesLoaded (0ms)
			ExecutionOrderSort2 (0ms)
			AwakeInstancesAfterBackupRestoration (7ms)
Platform modules already initialized, skipping
========================================================================
Worker process is ready to serve import requests
Launched and connected shader compiler UnityShaderCompiler.exe after 0.18 seconds
Refreshing native plugins compatible for Editor in 0.95 ms, found 3 plugins.
Preloading 0 native plugins for Editor in 0.00 ms.
Unloading 2637 Unused Serialized files (Serialized files now loaded: 0)
System memory in use before: 113.2 MB.
System memory in use after: 113.4 MB.

Unloading 27 unused Assets to reduce memory usage. Loaded Objects now: 3071.
Total: 67.369300 ms (FindLiveObjects: 0.367300 ms CreateObjectMapping: 0.189500 ms MarkObjects: 66.711500 ms  DeleteObjects: 0.099000 ms)

AssetImportParameters requested are different than current active one (requested -> active):
  custom:framework-win-MediaFoundation: 216162199b28c13a410421893ffa2e32 -> 
  custom:video-decoder-ogg-theora: a1e56fd34408186e4bbccfd4996cb3dc -> 
  custom:container-muxer-webm: aa71ff27fc2769a1b78a27578f13a17b -> 
  custom:container-demuxer-webm: 4f35f7cbe854078d1ac9338744f61a02 -> 
  custom:container-demuxer-ogg: 62fdf1f143b41e24485cea50d1cbac27 -> 
  custom:video-encoder-webm-vp8: eb34c28f22e8b96e1ab97ce403110664 -> 
  custom:video-decoder-webm-vp8: 9c59270c3fd7afecdb556c50c9e8de78 -> 
  custom:audio-decoder-ogg-vorbis: bf7c407c2cedff20999df2af8eb42d56 -> 
  custom:audio-encoder-webm-vorbis: bf7c407c2cedff20999df2af8eb42d56 -> 
========================================================================
Received Import Request.
  path: Assets/setting_Manager.prefab
  artifactKey: Guid(35e1b87c996bd864795e360f925f91c1) Importer(815301076,1909f56bfc062723c751e8b465ee728b)
Start importing Assets/setting_Manager.prefab using Guid(35e1b87c996bd864795e360f925f91c1) Importer(815301076,1909f56bfc062723c751e8b465ee728b)  -> (artifact id: '064c347024c54d29c28f94a4ffdeeac4') in 0.174057 seconds 
  Import took 0.179160 seconds .

========================================================================
Received Import Request.
  Time since last request: 0.000347 seconds.
  path: Assets/SOT_Audio.mixer
  artifactKey: Guid(ee9cea454f9ffb048ae481b8cf4f2384) Importer(815301076,1909f56bfc062723c751e8b465ee728b)
Start importing Assets/SOT_Audio.mixer using Guid(ee9cea454f9ffb048ae481b8cf4f2384) Importer(815301076,1909f56bfc062723c751e8b465ee728b)  -> (artifact id: 'b15e9c13d6eae12b7a7f7b5b92e0a685') in 0.074015 seconds 
  Import took 0.136243 seconds .

========================================================================
Received Import Request.
  Time since last request: 0.000350 seconds.
  path: Assets/JumpDust.prefab
  artifactKey: Guid(c2ad1a1f503a9634690e7a2fcd15f99f) Importer(815301076,1909f56bfc062723c751e8b465ee728b)
Start importing Assets/JumpDust.prefab using Guid(c2ad1a1f503a9634690e7a2fcd15f99f) Importer(815301076,1909f56bfc062723c751e8b465ee728b)  -> (artifact id: 'c2d22340bda4810267923d99b67c6aed') in 1.079083 seconds 
  Import took 1.083358 seconds .

========================================================================
Received Import Request.
  Time since last request: 0.000317 seconds.
  path: Assets/Key_setting_Label.prefab
  artifactKey: Guid(d54cf5eea3da8af4e8d13dc2d747ad5f) Importer(815301076,1909f56bfc062723c751e8b465ee728b)
Start importing Assets/Key_setting_Label.prefab using Guid(d54cf5eea3da8af4e8d13dc2d747ad5f) Importer(815301076,1909f56bfc062723c751e8b465ee728b)  -> (artifact id: '8c53a981189ce240628e7ef65878b565') in 0.086188 seconds 
  Import took 0.090333 seconds .

========================================================================
Received Import Request.
  Time since last request: 0.000329 seconds.
  path: Assets/RunStopDust.prefab
  artifactKey: Guid(420d9e08ddca9ff40bac4db8963c4fee) Importer(815301076,1909f56bfc062723c751e8b465ee728b)
Start importing Assets/RunStopDust.prefab using Guid(420d9e08ddca9ff40bac4db8963c4fee) Importer(815301076,1909f56bfc062723c751e8b465ee728b)  -> (artifact id: 'f6d3e98b2da6400b5f06ac31025245f7') in 0.018650 seconds 
  Import took 0.023045 seconds .

========================================================================
Received Import Request.
  Time since last request: 0.000452 seconds.
  path: Assets/player_canvas.prefab
  artifactKey: Guid(4e4424dd267168843916bc04416bdb97) Importer(815301076,1909f56bfc062723c751e8b465ee728b)
Start importing Assets/player_canvas.prefab using Guid(4e4424dd267168843916bc04416bdb97) Importer(815301076,1909f56bfc062723c751e8b465ee728b)  -> (artifact id: '7156d356cac57af031609bf9f9c6939e') in 0.024866 seconds 
  Import took 0.030193 seconds .

========================================================================
Received Import Request.
  Time since last request: 0.000324 seconds.
  path: Assets/ShopSprite.prefab
  artifactKey: Guid(68940b616b257f1439adc2187a818b98) Importer(815301076,1909f56bfc062723c751e8b465ee728b)
Start importing Assets/ShopSprite.prefab using Guid(68940b616b257f1439adc2187a818b98) Importer(815301076,1909f56bfc062723c751e8b465ee728b)  -> (artifact id: '789e49b83881ea716aaa4ff981d7f05f') in 0.052757 seconds 
  Import took 0.057750 seconds .

========================================================================
Received Import Request.
  Time since last request: 0.000342 seconds.
  path: Assets/Stage1_Boss_Room_test.prefab
  artifactKey: Guid(fa6bb375aa9c811448272e6328360705) Importer(815301076,1909f56bfc062723c751e8b465ee728b)
Start importing Assets/Stage1_Boss_Room_test.prefab using Guid(fa6bb375aa9c811448272e6328360705) Importer(815301076,1909f56bfc062723c751e8b465ee728b)  -> (artifact id: '55a920e809042eab38bb0692c4a6b5ea') in 0.180550 seconds 
  Import took 0.186004 seconds .

========================================================================
Received Import Request.
  Time since last request: 0.000328 seconds.
  path: Assets/Explosion11_0.prefab
  artifactKey: Guid(3be11aaf489065e4184687f5294d7576) Importer(815301076,1909f56bfc062723c751e8b465ee728b)
Start importing Assets/Explosion11_0.prefab using Guid(3be11aaf489065e4184687f5294d7576) Importer(815301076,1909f56bfc062723c751e8b465ee728b)  -> (artifact id: '91f151c6a4f99b2f7793a2e7cf086301') in 0.022423 seconds 
  Import took 0.027879 seconds .

========================================================================
Received Import Request.
  Time since last request: 0.000353 seconds.
  path: Assets/LandingDust.prefab
  artifactKey: Guid(9eb384f7347bd7e49aef2ed348db3c37) Importer(815301076,1909f56bfc062723c751e8b465ee728b)
Start importing Assets/LandingDust.prefab using Guid(9eb384f7347bd7e49aef2ed348db3c37) Importer(815301076,1909f56bfc062723c751e8b465ee728b)  -> (artifact id: 'd93d46b79b75b67d5dfe289bd8cdbe8b') in 0.019324 seconds 
  Import took 0.024556 seconds .

========================================================================
Received Import Request.
  Time since last request: 0.000371 seconds.
  path: Assets/Explosion11_0.prefab
  artifactKey: Guid(3be11aaf489065e4184687f5294d7576) Importer(815301076,1909f56bfc062723c751e8b465ee728b)
Start importing Assets/Explosion11_0.prefab using Guid(3be11aaf489065e4184687f5294d7576) Importer(815301076,1909f56bfc062723c751e8b465ee728b)  -> (artifact id: '91f151c6a4f99b2f7793a2e7cf086301') in 0.013685 seconds 
  Import took 0.019161 seconds .

========================================================================
Received Import Request.
  Time since last request: 0.000485 seconds.
  path: Assets/LandingDust.prefab
  artifactKey: Guid(9eb384f7347bd7e49aef2ed348db3c37) Importer(815301076,1909f56bfc062723c751e8b465ee728b)
Start importing Assets/LandingDust.prefab using Guid(9eb384f7347bd7e49aef2ed348db3c37) Importer(815301076,1909f56bfc062723c751e8b465ee728b)  -> (artifact id: 'd93d46b79b75b67d5dfe289bd8cdbe8b') in 0.012873 seconds 
  Import took 0.018620 seconds .

========================================================================
Received Import Request.
  Time since last request: 79.305108 seconds.
  path: Assets/Scenes
  artifactKey: Guid(897b471b3c6f80b4e84775507b92ecd7) Importer(815301076,1909f56bfc062723c751e8b465ee728b)
Start importing Assets/Scenes using Guid(897b471b3c6f80b4e84775507b92ecd7) Importer(815301076,1909f56bfc062723c751e8b465ee728b)  -> (artifact id: 'd4607980ddeedde631664bfcefbe0f46') in 0.005764 seconds 
  Import took 0.010363 seconds .

========================================================================
Received Import Request.
  Time since last request: 0.139978 seconds.
  path: Assets/Scenes
  artifactKey: Guid(897b471b3c6f80b4e84775507b92ecd7) Importer(815301076,1909f56bfc062723c751e8b465ee728b)
Start importing Assets/Scenes using Guid(897b471b3c6f80b4e84775507b92ecd7) Importer(815301076,1909f56bfc062723c751e8b465ee728b)  -> (artifact id: 'd4607980ddeedde631664bfcefbe0f46') in 0.003089 seconds 
  Import took 0.007606 seconds .

========================================================================
Received Import Request.
  Time since last request: 3.198081 seconds.
  path: Assets/Scenes/Main 1.unity
  artifactKey: Guid(6420862d2e22d0d4f8d1924031b2500b) Importer(815301076,1909f56bfc062723c751e8b465ee728b)
Start importing Assets/Scenes/Main 1.unity using Guid(6420862d2e22d0d4f8d1924031b2500b) Importer(815301076,1909f56bfc062723c751e8b465ee728b)  -> (artifact id: '8846092bab2370c827732f37e570405f') in 0.008583 seconds 
  Import took 0.014224 seconds .

AssetImportWorkerClient::OnTransportError - code=2 error=End of file
